-------------------------------------------------------------------------------
Test set: org.jboss.test.vfs.VirtualJarInputStreamTestCase
-------------------------------------------------------------------------------
Tests run: 10, Failures: 0, Errors: 10, Skipped: 0, Time elapsed: 7.558 sec <<< FAILURE!
testIteration(org.jboss.test.vfs.VirtualJarInputStreamTestCase)  Time elapsed: 0.003 sec  <<< ERROR!
java.util.zip.ZipException: error in opening zip file
	at java.util.zip.ZipFile.open(Native Method)
	at java.util.zip.ZipFile.<init>(ZipFile.java:114)
	at java.util.jar.JarFile.<init>(JarFile.java:135)
	at java.util.jar.JarFile.<init>(JarFile.java:99)
	at org.jboss.vfs.spi.JavaZipFileSystem.<init>(JavaZipFileSystem.java:94)
	at org.jboss.vfs.spi.JavaZipFileSystem.<init>(JavaZipFileSystem.java:80)
	at org.jboss.vfs.VFS.mountZip(VFS.java:415)
	at org.jboss.vfs.VFS.mountZip(VFS.java:441)
	at org.jboss.test.vfs.VirtualJarInputStreamTestCase.testIteration(VirtualJarInputStreamTestCase.java:72)
	at sun.reflect.NativeMethodAccessorImpl.invoke0(Native Method)
	at sun.reflect.NativeMethodAccessorImpl.invoke(NativeMethodAccessorImpl.java:39)
	at sun.reflect.DelegatingMethodAccessorImpl.invoke(DelegatingMethodAccessorImpl.java:25)
	at java.lang.reflect.Method.invoke(Method.java:597)
	at junit.framework.TestCase.runTest(TestCase.java:168)
	at junit.framework.TestCase.runBare(TestCase.java:134)
	at junit.framework.TestResult$1.protect(TestResult.java:110)
	at junit.framework.TestResult.runProtected(TestResult.java:128)
	at junit.framework.TestResult.run(TestResult.java:113)
	at junit.framework.TestCase.run(TestCase.java:124)
	at junit.framework.TestSuite.runTest(TestSuite.java:232)
	at junit.framework.TestSuite.run(TestSuite.java:227)
	at org.junit.internal.runners.JUnit38ClassRunner.run(JUnit38ClassRunner.java:81)
	at org.apache.maven.surefire.junit4.JUnit4TestSet.execute(JUnit4TestSet.java:59)
	at org.apache.maven.surefire.suite.AbstractDirectoryTestSuite.executeTestSet(AbstractDirectoryTestSuite.java:115)
	at org.apache.maven.surefire.suite.AbstractDirectoryTestSuite.execute(AbstractDirectoryTestSuite.java:102)
	at org.apache.maven.surefire.Surefire.run(Surefire.java:180)
	at sun.reflect.NativeMethodAccessorImpl.invoke0(Native Method)
	at sun.reflect.NativeMethodAccessorImpl.invoke(NativeMethodAccessorImpl.java:39)
	at sun.reflect.DelegatingMethodAccessorImpl.invoke(DelegatingMethodAccessorImpl.java:25)
	at java.lang.reflect.Method.invoke(Method.java:597)
	at org.apache.maven.surefire.booter.SurefireBooter.runSuitesInProcess(SurefireBooter.java:350)
	at org.apache.maven.surefire.booter.SurefireBooter.main(SurefireBooter.java:1021)

testIterationNonJar(org.jboss.test.vfs.VirtualJarInputStreamTestCase)  Time elapsed: 1.152 sec  <<< ERROR!
java.lang.StackOverflowError
	at sun.nio.cs.UTF_8$Encoder.encodeArrayLoop(UTF_8.java:341)
	at sun.nio.cs.UTF_8$Encoder.encodeLoop(UTF_8.java:447)
	at java.nio.charset.CharsetEncoder.encode(CharsetEncoder.java:544)
	at java.lang.StringCoding$StringEncoder.encode(StringCoding.java:240)
	at java.lang.StringCoding.encode(StringCoding.java:272)
	at java.lang.String.getBytes(String.java:946)
	at java.io.UnixFileSystem.getBooleanAttributes0(Native Method)
	at java.io.UnixFileSystem.getBooleanAttributes(UnixFileSystem.java:228)
	at java.io.File.exists(File.java:733)
	at org.jboss.vfs.spi.RealFileSystem.exists(RealFileSystem.java:179)
	at org.jboss.vfs.VirtualFile.exists(VirtualFile.java:168)
	at org.jboss.vfs.VirtualJarInputStream.<init>(VirtualJarInputStream.java:76)
	at org.jboss.vfs.VirtualFile.openStream(VirtualFile.java:223)
	at org.jboss.vfs.VFSUtils.readManifest(VFSUtils.java:214)
	at org.jboss.vfs.VirtualJarInputStream.<init>(VirtualJarInputStream.java:78)
	at org.jboss.vfs.VirtualFile.openStream(VirtualFile.java:223)
	at org.jboss.vfs.VFSUtils.readManifest(VFSUtils.java:214)
	at org.jboss.vfs.VirtualJarInputStream.<init>(VirtualJarInputStream.java:78)
	at org.jboss.vfs.VirtualFile.openStream(VirtualFile.java:223)
	at org.jboss.vfs.VFSUtils.readManifest(VFSUtils.java:214)
	at org.jboss.vfs.VirtualJarInputStream.<init>(VirtualJarInputStream.java:78)
	at org.jboss.vfs.VirtualFile.openStream(VirtualFile.java:223)
	at org.jboss.vfs.VFSUtils.readManifest(VFSUtils.java:214)
	at org.jboss.vfs.VirtualJarInputStream.<init>(VirtualJarInputStream.java:78)
	at org.jboss.vfs.VirtualFile.openStream(VirtualFile.java:223)
	at org.jboss.vfs.VFSUtils.readManifest(VFSUtils.java:214)
	at org.jboss.vfs.VirtualJarInputStream.<init>(VirtualJarInputStream.java:78)
	at org.jboss.vfs.VirtualFile.openStream(VirtualFile.java:223)
	at org.jboss.vfs.VFSUtils.readManifest(VFSUtils.java:214)
	at org.jboss.vfs.VirtualJarInputStream.<init>(VirtualJarInputStream.java:78)
	at org.jboss.vfs.VirtualFile.openStream(VirtualFile.java:223)
	at org.jboss.vfs.VFSUtils.readManifest(VFSUtils.java:214)
	at org.jboss.vfs.VirtualJarInputStream.<init>(VirtualJarInputStream.java:78)
	at org.jboss.vfs.VirtualFile.openStream(VirtualFile.java:223)
	at org.jboss.vfs.VFSUtils.readManifest(VFSUtils.java:214)
	at org.jboss.vfs.VirtualJarInputStream.<init>(VirtualJarInputStream.java:78)
	at org.jboss.vfs.VirtualFile.openStream(VirtualFile.java:223)
	at org.jboss.vfs.VFSUtils.readManifest(VFSUtils.java:214)
	at org.jboss.vfs.VirtualJarInputStream.<init>(VirtualJarInputStream.java:78)
	at org.jboss.vfs.VirtualFile.openStream(VirtualFile.java:223)
	at org.jboss.vfs.VFSUtils.readManifest(VFSUtils.java:214)
	at org.jboss.vfs.VirtualJarInputStream.<init>(VirtualJarInputStream.java:78)
	at org.jboss.vfs.VirtualFile.openStream(VirtualFile.java:223)
	at org.jboss.vfs.VFSUtils.readManifest(VFSUtils.java:214)
	at org.jboss.vfs.VirtualJarInputStream.<init>(VirtualJarInputStream.java:78)
	at org.jboss.vfs.VirtualFile.openStream(VirtualFile.java:223)
	at org.jboss.vfs.VFSUtils.readManifest(VFSUtils.java:214)
	at org.jboss.vfs.VirtualJarInputStream.<init>(VirtualJarInputStream.java:78)
	at org.jboss.vfs.VirtualFile.openStream(VirtualFile.java:223)
	at org.jboss.vfs.VFSUtils.readManifest(VFSUtils.java:214)
	at org.jboss.vfs.VirtualJarInputStream.<init>(VirtualJarInputStream.java:78)
	at org.jboss.vfs.VirtualFile.openStream(VirtualFile.java:223)
	at org.jboss.vfs.VFSUtils.readManifest(VFSUtils.java:214)
	at org.jboss.vfs.VirtualJarInputStream.<init>(VirtualJarInputStream.java:78)
	at org.jboss.vfs.VirtualFile.openStream(VirtualFile.java:223)
	at org.jboss.vfs.VFSUtils.readManifest(VFSUtils.java:214)
	at org.jboss.vfs.VirtualJarInputStream.<init>(VirtualJarInputStream.java:78)
	at org.jboss.vfs.VirtualFile.openStream(VirtualFile.java:223)
	at org.jboss.vfs.VFSUtils.readManifest(VFSUtils.java:214)
	at org.jboss.vfs.VirtualJarInputStream.<init>(VirtualJarInputStream.java:78)
	at org.jboss.vfs.VirtualFile.openStream(VirtualFile.java:223)
	at org.jboss.vfs.VFSUtils.readManifest(VFSUtils.java:214)
	at org.jboss.vfs.VirtualJarInputStream.<init>(VirtualJarInputStream.java:78)
	at org.jboss.vfs.VirtualFile.openStream(VirtualFile.java:223)
	at org.jboss.vfs.VFSUtils.readManifest(VFSUtils.java:214)
	at org.jboss.vfs.VirtualJarInputStream.<init>(VirtualJarInputStream.java:78)
	at org.jboss.vfs.VirtualFile.openStream(VirtualFile.java:223)
	at org.jboss.vfs.VFSUtils.readManifest(VFSUtils.java:214)
	at org.jboss.vfs.VirtualJarInputStream.<init>(VirtualJarInputStream.java:78)
	at org.jboss.vfs.VirtualFile.openStream(VirtualFile.java:223)
	at org.jboss.vfs.VFSUtils.readManifest(VFSUtils.java:214)
	at org.jboss.vfs.VirtualJarInputStream.<init>(VirtualJarInputStream.java:78)
	at org.jboss.vfs.VirtualFile.openStream(VirtualFile.java:223)
	at org.jboss.vfs.VFSUtils.readManifest(VFSUtils.java:214)
	at org.jboss.vfs.VirtualJarInputStream.<init>(VirtualJarInputStream.java:78)
	at org.jboss.vfs.VirtualFile.openStream(VirtualFile.java:223)
	at org.jboss.vfs.VFSUtils.readManifest(VFSUtils.java:214)
	at org.jboss.vfs.VirtualJarInputStream.<init>(VirtualJarInputStream.java:78)
	at org.jboss.vfs.VirtualFile.openStream(VirtualFile.java:223)
	at org.jboss.vfs.VFSUtils.readManifest(VFSUtils.java:214)
	at org.jboss.vfs.VirtualJarInputStream.<init>(VirtualJarInputStream.java:78)
	at org.jboss.vfs.VirtualFile.openStream(VirtualFile.java:223)
	at org.jboss.vfs.VFSUtils.readManifest(VFSUtils.java:214)
	at org.jboss.vfs.VirtualJarInputStream.<init>(VirtualJarInputStream.java:78)
	at org.jboss.vfs.VirtualFile.openStream(VirtualFile.java:223)
	at org.jboss.vfs.VFSUtils.readManifest(VFSUtils.java:214)
	at org.jboss.vfs.VirtualJarInputStream.<init>(VirtualJarInputStream.java:78)
	at org.jboss.vfs.VirtualFile.openStream(VirtualFile.java:223)
	at org.jboss.vfs.VFSUtils.readManifest(VFSUtils.java:214)
	at org.jboss.vfs.VirtualJarInputStream.<init>(VirtualJarInputStream.java:78)
	at org.jboss.vfs.VirtualFile.openStream(VirtualFile.java:223)
	at org.jboss.vfs.VFSUtils.readManifest(VFSUtils.java:214)
	at org.jboss.vfs.VirtualJarInputStream.<init>(VirtualJarInputStream.java:78)
	at org.jboss.vfs.VirtualFile.openStream(VirtualFile.java:223)
	at org.jboss.vfs.VFSUtils.readManifest(VFSUtils.java:214)
	at org.jboss.vfs.VirtualJarInputStream.<init>(VirtualJarInputStream.java:78)
	at org.jboss.vfs.VirtualFile.openStream(VirtualFile.java:223)
	at org.jboss.vfs.VFSUtils.readManifest(VFSUtils.java:214)
	at org.jboss.vfs.VirtualJarInputStream.<init>(VirtualJarInputStream.java:78)
	at org.jboss.vfs.VirtualFile.openStream(VirtualFile.java:223)
	at org.jboss.vfs.VFSUtils.readManifest(VFSUtils.java:214)
	at org.jboss.vfs.VirtualJarInputStream.<init>(VirtualJarInputStream.java:78)
	at org.jboss.vfs.VirtualFile.openStream(VirtualFile.java:223)
	at org.jboss.vfs.VFSUtils.readManifest(VFSUtils.java:214)
	at org.jboss.vfs.VirtualJarInputStream.<init>(VirtualJarInputStream.java:78)
	at org.jboss.vfs.VirtualFile.openStream(VirtualFile.java:223)
	at org.jboss.vfs.VFSUtils.readManifest(VFSUtils.java:214)
	at org.jboss.vfs.VirtualJarInputStream.<init>(VirtualJarInputStream.java:78)
	at org.jboss.vfs.VirtualFile.openStream(VirtualFile.java:223)
	at org.jboss.vfs.VFSUtils.readManifest(VFSUtils.java:214)
	at org.jboss.vfs.VirtualJarInputStream.<init>(VirtualJarInputStream.java:78)
	at org.jboss.vfs.VirtualFile.openStream(VirtualFile.java:223)
	at org.jboss.vfs.VFSUtils.readManifest(VFSUtils.java:214)
	at org.jboss.vfs.VirtualJarInputStream.<init>(VirtualJarInputStream.java:78)
	at org.jboss.vfs.VirtualFile.openStream(VirtualFile.java:223)
	at org.jboss.vfs.VFSUtils.readManifest(VFSUtils.java:214)
	at org.jboss.vfs.VirtualJarInputStream.<init>(VirtualJarInputStream.java:78)
	at org.jboss.vfs.VirtualFile.openStream(VirtualFile.java:223)
	at org.jboss.vfs.VFSUtils.readManifest(VFSUtils.java:214)
	at org.jboss.vfs.VirtualJarInputStream.<init>(VirtualJarInputStream.java:78)
	at org.jboss.vfs.VirtualFile.openStream(VirtualFile.java:223)
	at org.jboss.vfs.VFSUtils.readManifest(VFSUtils.java:214)
	at org.jboss.vfs.VirtualJarInputStream.<init>(VirtualJarInputStream.java:78)
	at org.jboss.vfs.VirtualFile.openStream(VirtualFile.java:223)
	at org.jboss.vfs.VFSUtils.readManifest(VFSUtils.java:214)
	at org.jboss.vfs.VirtualJarInputStream.<init>(VirtualJarInputStream.java:78)
	at org.jboss.vfs.VirtualFile.openStream(VirtualFile.java:223)
	at org.jboss.vfs.VFSUtils.readManifest(VFSUtils.java:214)
	at org.jboss.vfs.VirtualJarInputStream.<init>(VirtualJarInputStream.java:78)
	at org.jboss.vfs.VirtualFile.openStream(VirtualFile.java:223)
	at org.jboss.vfs.VFSUtils.readManifest(VFSUtils.java:214)
	at org.jboss.vfs.VirtualJarInputStream.<init>(VirtualJarInputStream.java:78)
	at org.jboss.vfs.VirtualFile.openStream(VirtualFile.java:223)
	at org.jboss.vfs.VFSUtils.readManifest(VFSUtils.java:214)
	at org.jboss.vfs.VirtualJarInputStream.<init>(VirtualJarInputStream.java:78)
	at org.jboss.vfs.VirtualFile.openStream(VirtualFile.java:223)
	at org.jboss.vfs.VFSUtils.readManifest(VFSUtils.java:214)
	at org.jboss.vfs.VirtualJarInputStream.<init>(VirtualJarInputStream.java:78)
	at org.jboss.vfs.VirtualFile.openStream(VirtualFile.java:223)
	at org.jboss.vfs.VFSUtils.readManifest(VFSUtils.java:214)
	at org.jboss.vfs.VirtualJarInputStream.<init>(VirtualJarInputStream.java:78)
	at org.jboss.vfs.VirtualFile.openStream(VirtualFile.java:223)
	at org.jboss.vfs.VFSUtils.readManifest(VFSUtils.java:214)
	at org.jboss.vfs.VirtualJarInputStream.<init>(VirtualJarInputStream.java:78)
	at org.jboss.vfs.VirtualFile.openStream(VirtualFile.java:223)
	at org.jboss.vfs.VFSUtils.readManifest(VFSUtils.java:214)
	at org.jboss.vfs.VirtualJarInputStream.<init>(VirtualJarInputStream.java:78)
	at org.jboss.vfs.VirtualFile.openStream(VirtualFile.java:223)
	at org.jboss.vfs.VFSUtils.readManifest(VFSUtils.java:214)
	at org.jboss.vfs.VirtualJarInputStream.<init>(VirtualJarInputStream.java:78)
	at org.jboss.vfs.VirtualFile.openStream(VirtualFile.java:223)
	at org.jboss.vfs.VFSUtils.readManifest(VFSUtils.java:214)
	at org.jboss.vfs.VirtualJarInputStream.<init>(VirtualJarInputStream.java:78)
	at org.jboss.vfs.VirtualFile.openStream(VirtualFile.java:223)
	at org.jboss.vfs.VFSUtils.readManifest(VFSUtils.java:214)
	at org.jboss.vfs.VirtualJarInputStream.<init>(VirtualJarInputStream.java:78)
	at org.jboss.vfs.VirtualFile.openStream(VirtualFile.java:223)
	at org.jboss.vfs.VFSUtils.readManifest(VFSUtils.java:214)
	at org.jboss.vfs.VirtualJarInputStream.<init>(VirtualJarInputStream.java:78)
	at org.jboss.vfs.VirtualFile.openStream(VirtualFile.java:223)
	at org.jboss.vfs.VFSUtils.readManifest(VFSUtils.java:214)
	at org.jboss.vfs.VirtualJarInputStream.<init>(VirtualJarInputStream.java:78)
	at org.jboss.vfs.VirtualFile.openStream(VirtualFile.java:223)
	at org.jboss.vfs.VFSUtils.readManifest(VFSUtils.java:214)
	at org.jboss.vfs.VirtualJarInputStream.<init>(VirtualJarInputStream.java:78)
	at org.jboss.vfs.VirtualFile.openStream(VirtualFile.java:223)
	at org.jboss.vfs.VFSUtils.readManifest(VFSUtils.java:214)
	at org.jboss.vfs.VirtualJarInputStream.<init>(VirtualJarInputStream.java:78)
	at org.jboss.vfs.VirtualFile.openStream(VirtualFile.java:223)
	at org.jboss.vfs.VFSUtils.readManifest(VFSUtils.java:214)
	at org.jboss.vfs.VirtualJarInputStream.<init>(VirtualJarInputStream.java:78)
	at org.jboss.vfs.VirtualFile.openStream(VirtualFile.java:223)
	at org.jboss.vfs.VFSUtils.readManifest(VFSUtils.java:214)
	at org.jboss.vfs.VirtualJarInputStream.<init>(VirtualJarInputStream.java:78)
	at org.jboss.vfs.VirtualFile.openStream(VirtualFile.java:223)
	at org.jboss.vfs.VFSUtils.readManifest(VFSUtils.java:214)
	at org.jboss.vfs.VirtualJarInputStream.<init>(VirtualJarInputStream.java:78)
	at org.jboss.vfs.VirtualFile.openStream(VirtualFile.java:223)
	at org.jboss.vfs.VFSUtils.readManifest(VFSUtils.java:214)
	at org.jboss.vfs.VirtualJarInputStream.<init>(VirtualJarInputStream.java:78)
	at org.jboss.vfs.VirtualFile.openStream(VirtualFile.java:223)
	at org.jboss.vfs.VFSUtils.readManifest(VFSUtils.java:214)
	at org.jboss.vfs.VirtualJarInputStream.<init>(VirtualJarInputStream.java:78)
	at org.jboss.vfs.VirtualFile.openStream(VirtualFile.java:223)
	at org.jboss.vfs.VFSUtils.readManifest(VFSUtils.java:214)
	at org.jboss.vfs.VirtualJarInputStream.<init>(VirtualJarInputStream.java:78)
	at org.jboss.vfs.VirtualFile.openStream(VirtualFile.java:223)
	at org.jboss.vfs.VFSUtils.readManifest(VFSUtils.java:214)
	at org.jboss.vfs.VirtualJarInputStream.<init>(VirtualJarInputStream.java:78)
	at org.jboss.vfs.VirtualFile.openStream(VirtualFile.java:223)
	at org.jboss.vfs.VFSUtils.readManifest(VFSUtils.java:214)
	at org.jboss.vfs.VirtualJarInputStream.<init>(VirtualJarInputStream.java:78)
	at org.jboss.vfs.VirtualFile.openStream(VirtualFile.java:223)
	at org.jboss.vfs.VFSUtils.readManifest(VFSUtils.java:214)
	at org.jboss.vfs.VirtualJarInputStream.<init>(VirtualJarInputStream.java:78)
	at org.jboss.vfs.VirtualFile.openStream(VirtualFile.java:223)
	at org.jboss.vfs.VFSUtils.readManifest(VFSUtils.java:214)
	at org.jboss.vfs.VirtualJarInputStream.<init>(VirtualJarInputStream.java:78)
	at org.jboss.vfs.VirtualFile.openStream(VirtualFile.java:223)
	at org.jboss.vfs.VFSUtils.readManifest(VFSUtils.java:214)
	at org.jboss.vfs.VirtualJarInputStream.<init>(VirtualJarInputStream.java:78)
	at org.jboss.vfs.VirtualFile.openStream(VirtualFile.java:223)
	at org.jboss.vfs.VFSUtils.readManifest(VFSUtils.java:214)
	at org.jboss.vfs.VirtualJarInputStream.<init>(VirtualJarInputStream.java:78)
	at org.jboss.vfs.VirtualFile.openStream(VirtualFile.java:223)
	at org.jboss.vfs.VFSUtils.readManifest(VFSUtils.java:214)
	at org.jboss.vfs.VirtualJarInputStream.<init>(VirtualJarInputStream.java:78)
	at org.jboss.vfs.VirtualFile.openStream(VirtualFile.java:223)
	at org.jboss.vfs.VFSUtils.readManifest(VFSUtils.java:214)
	at org.jboss.vfs.VirtualJarInputStream.<init>(VirtualJarInputStream.java:78)
	at org.jboss.vfs.VirtualFile.openStream(VirtualFile.java:223)
	at org.jboss.vfs.VFSUtils.readManifest(VFSUtils.java:214)
	at org.jboss.vfs.VirtualJarInputStream.<init>(VirtualJarInputStream.java:78)
	at org.jboss.vfs.VirtualFile.openStream(VirtualFile.java:223)
	at org.jboss.vfs.VFSUtils.readManifest(VFSUtils.java:214)
	at org.jboss.vfs.VirtualJarInputStream.<init>(VirtualJarInputStream.java:78)
	at org.jboss.vfs.VirtualFile.openStream(VirtualFile.java:223)
	at org.jboss.vfs.VFSUtils.readManifest(VFSUtils.java:214)
	at org.jboss.vfs.VirtualJarInputStream.<init>(VirtualJarInputStream.java:78)
	at org.jboss.vfs.VirtualFile.openStream(VirtualFile.java:223)
	at org.jboss.vfs.VFSUtils.readManifest(VFSUtils.java:214)
	at org.jboss.vfs.VirtualJarInputStream.<init>(VirtualJarInputStream.java:78)
	at org.jboss.vfs.VirtualFile.openStream(VirtualFile.java:223)
	at org.jboss.vfs.VFSUtils.readManifest(VFSUtils.java:214)
	at org.jboss.vfs.VirtualJarInputStream.<init>(VirtualJarInputStream.java:78)
	at org.jboss.vfs.VirtualFile.openStream(VirtualFile.java:223)
	at org.jboss.vfs.VFSUtils.readManifest(VFSUtils.java:214)
	at org.jboss.vfs.VirtualJarInputStream.<init>(VirtualJarInputStream.java:78)
	at org.jboss.vfs.VirtualFile.openStream(VirtualFile.java:223)
	at org.jboss.vfs.VFSUtils.readManifest(VFSUtils.java:214)
	at org.jboss.vfs.VirtualJarInputStream.<init>(VirtualJarInputStream.java:78)
	at org.jboss.vfs.VirtualFile.openStream(VirtualFile.java:223)
	at org.jboss.vfs.VFSUtils.readManifest(VFSUtils.java:214)
	at org.jboss.vfs.VirtualJarInputStream.<init>(VirtualJarInputStream.java:78)
	at org.jboss.vfs.VirtualFile.openStream(VirtualFile.java:223)
	at org.jboss.vfs.VFSUtils.readManifest(VFSUtils.java:214)
	at org.jboss.vfs.VirtualJarInputStream.<init>(VirtualJarInputStream.java:78)
	at org.jboss.vfs.VirtualFile.openStream(VirtualFile.java:223)
	at org.jboss.vfs.VFSUtils.readManifest(VFSUtils.java:214)
	at org.jboss.vfs.VirtualJarInputStream.<init>(VirtualJarInputStream.java:78)
	at org.jboss.vfs.VirtualFile.openStream(VirtualFile.java:223)
	at org.jboss.vfs.VFSUtils.readManifest(VFSUtils.java:214)
	at org.jboss.vfs.VirtualJarInputStream.<init>(VirtualJarInputStream.java:78)
	at org.jboss.vfs.VirtualFile.openStream(VirtualFile.java:223)
	at org.jboss.vfs.VFSUtils.readManifest(VFSUtils.java:214)
	at org.jboss.vfs.VirtualJarInputStream.<init>(VirtualJarInputStream.java:78)
	at org.jboss.vfs.VirtualFile.openStream(VirtualFile.java:223)
	at org.jboss.vfs.VFSUtils.readManifest(VFSUtils.java:214)
	at org.jboss.vfs.VirtualJarInputStream.<init>(VirtualJarInputStream.java:78)
	at org.jboss.vfs.VirtualFile.openStream(VirtualFile.java:223)
	at org.jboss.vfs.VFSUtils.readManifest(VFSUtils.java:214)
	at org.jboss.vfs.VirtualJarInputStream.<init>(VirtualJarInputStream.java:78)
	at org.jboss.vfs.VirtualFile.openStream(VirtualFile.java:223)
	at org.jboss.vfs.VFSUtils.readManifest(VFSUtils.java:214)
	at org.jboss.vfs.VirtualJarInputStream.<init>(VirtualJarInputStream.java:78)
	at org.jboss.vfs.VirtualFile.openStream(VirtualFile.java:223)
	at org.jboss.vfs.VFSUtils.readManifest(VFSUtils.java:214)
	at org.jboss.vfs.VirtualJarInputStream.<init>(VirtualJarInputStream.java:78)
	at org.jboss.vfs.VirtualFile.openStream(VirtualFile.java:223)
	at org.jboss.vfs.VFSUtils.readManifest(VFSUtils.java:214)
	at org.jboss.vfs.VirtualJarInputStream.<init>(VirtualJarInputStream.java:78)
	at org.jboss.vfs.VirtualFile.openStream(VirtualFile.java:223)
	at org.jboss.vfs.VFSUtils.readManifest(VFSUtils.java:214)
	at org.jboss.vfs.VirtualJarInputStream.<init>(VirtualJarInputStream.java:78)
	at org.jboss.vfs.VirtualFile.openStream(VirtualFile.java:223)
	at org.jboss.vfs.VFSUtils.readManifest(VFSUtils.java:214)
	at org.jboss.vfs.VirtualJarInputStream.<init>(VirtualJarInputStream.java:78)
	at org.jboss.vfs.VirtualFile.openStream(VirtualFile.java:223)
	at org.jboss.vfs.VFSUtils.readManifest(VFSUtils.java:214)
	at org.jboss.vfs.VirtualJarInputStream.<init>(VirtualJarInputStream.java:78)
	at org.jboss.vfs.VirtualFile.openStream(VirtualFile.java:223)
	at org.jboss.vfs.VFSUtils.readManifest(VFSUtils.java:214)
	at org.jboss.vfs.VirtualJarInputStream.<init>(VirtualJarInputStream.java:78)
	at org.jboss.vfs.VirtualFile.openStream(VirtualFile.java:223)
	at org.jboss.vfs.VFSUtils.readManifest(VFSUtils.java:214)
	at org.jboss.vfs.VirtualJarInputStream.<init>(VirtualJarInputStream.java:78)
	at org.jboss.vfs.VirtualFile.openStream(VirtualFile.java:223)
	at org.jboss.vfs.VFSUtils.readManifest(VFSUtils.java:214)
	at org.jboss.vfs.VirtualJarInputStream.<init>(VirtualJarInputStream.java:78)
	at org.jboss.vfs.VirtualFile.openStream(VirtualFile.java:223)
	at org.jboss.vfs.VFSUtils.readManifest(VFSUtils.java:214)
	at org.jboss.vfs.VirtualJarInputStream.<init>(VirtualJarInputStream.java:78)
	at org.jboss.vfs.VirtualFile.openStream(VirtualFile.java:223)
	at org.jboss.vfs.VFSUtils.readManifest(VFSUtils.java:214)
	at org.jboss.vfs.VirtualJarInputStream.<init>(VirtualJarInputStream.java:78)
	at org.jboss.vfs.VirtualFile.openStream(VirtualFile.java:223)
	at org.jboss.vfs.VFSUtils.readManifest(VFSUtils.java:214)
	at org.jboss.vfs.VirtualJarInputStream.<init>(VirtualJarInputStream.java:78)
	at org.jboss.vfs.VirtualFile.openStream(VirtualFile.java:223)
	at org.jboss.vfs.VFSUtils.readManifest(VFSUtils.java:214)
	at org.jboss.vfs.VirtualJarInputStream.<init>(VirtualJarInputStream.java:78)
	at org.jboss.vfs.VirtualFile.openStream(VirtualFile.java:223)
	at org.jboss.vfs.VFSUtils.readManifest(VFSUtils.java:214)
	at org.jboss.vfs.VirtualJarInputStream.<init>(VirtualJarInputStream.java:78)
	at org.jboss.vfs.VirtualFile.openStream(VirtualFile.java:223)
	at org.jboss.vfs.VFSUtils.readManifest(VFSUtils.java:214)
	at org.jboss.vfs.VirtualJarInputStream.<init>(VirtualJarInputStream.java:78)
	at org.jboss.vfs.VirtualFile.openStream(VirtualFile.java:223)
	at org.jboss.vfs.VFSUtils.readManifest(VFSUtils.java:214)
	at org.jboss.vfs.VirtualJarInputStream.<init>(VirtualJarInputStream.java:78)
	at org.jboss.vfs.VirtualFile.openStream(VirtualFile.java:223)
	at org.jboss.vfs.VFSUtils.readManifest(VFSUtils.java:214)
	at org.jboss.vfs.VirtualJarInputStream.<init>(VirtualJarInputStream.java:78)
	at org.jboss.vfs.VirtualFile.openStream(VirtualFile.java:223)
	at org.jboss.vfs.VFSUtils.readManifest(VFSUtils.java:214)
	at org.jboss.vfs.VirtualJarInputStream.<init>(VirtualJarInputStream.java:78)
	at org.jboss.vfs.VirtualFile.openStream(VirtualFile.java:223)
	at org.jboss.vfs.VFSUtils.readManifest(VFSUtils.java:214)
	at org.jboss.vfs.VirtualJarInputStream.<init>(VirtualJarInputStream.java:78)
	at org.jboss.vfs.VirtualFile.openStream(VirtualFile.java:223)
	at org.jboss.vfs.VFSUtils.readManifest(VFSUtils.java:214)
	at org.jboss.vfs.VirtualJarInputStream.<init>(VirtualJarInputStream.java:78)
	at org.jboss.vfs.VirtualFile.openStream(VirtualFile.java:223)
	at org.jboss.vfs.VFSUtils.readManifest(VFSUtils.java:214)
	at org.jboss.vfs.VirtualJarInputStream.<init>(VirtualJarInputStream.java:78)
	at org.jboss.vfs.VirtualFile.openStream(VirtualFile.java:223)
	at org.jboss.vfs.VFSUtils.readManifest(VFSUtils.java:214)
	at org.jboss.vfs.VirtualJarInputStream.<init>(VirtualJarInputStream.java:78)
	at org.jboss.vfs.VirtualFile.openStream(VirtualFile.java:223)
	at org.jboss.vfs.VFSUtils.readManifest(VFSUtils.java:214)
	at org.jboss.vfs.VirtualJarInputStream.<init>(VirtualJarInputStream.java:78)
	at org.jboss.vfs.VirtualFile.openStream(VirtualFile.java:223)
	at org.jboss.vfs.VFSUtils.readManifest(VFSUtils.java:214)
	at org.jboss.vfs.VirtualJarInputStream.<init>(VirtualJarInputStream.java:78)
	at org.jboss.vfs.VirtualFile.openStream(VirtualFile.java:223)
	at org.jboss.vfs.VFSUtils.readManifest(VFSUtils.java:214)
	at org.jboss.vfs.VirtualJarInputStream.<init>(VirtualJarInputStream.java:78)
	at org.jboss.vfs.VirtualFile.openStream(VirtualFile.java:223)
	at org.jboss.vfs.VFSUtils.readManifest(VFSUtils.java:214)
	at org.jboss.vfs.VirtualJarInputStream.<init>(VirtualJarInputStream.java:78)
	at org.jboss.vfs.VirtualFile.openStream(VirtualFile.java:223)
	at org.jboss.vfs.VFSUtils.readManifest(VFSUtils.java:214)
	at org.jboss.vfs.VirtualJarInputStream.<init>(VirtualJarInputStream.java:78)
	at org.jboss.vfs.VirtualFile.openStream(VirtualFile.java:223)
	at org.jboss.vfs.VFSUtils.readManifest(VFSUtils.java:214)
	at org.jboss.vfs.VirtualJarInputStream.<init>(VirtualJarInputStream.java:78)
	at org.jboss.vfs.VirtualFile.openStream(VirtualFile.java:223)
	at org.jboss.vfs.VFSUtils.readManifest(VFSUtils.java:214)
	at org.jboss.vfs.VirtualJarInputStream.<init>(VirtualJarInputStream.java:78)
	at org.jboss.vfs.VirtualFile.openStream(VirtualFile.java:223)
	at org.jboss.vfs.VFSUtils.readManifest(VFSUtils.java:214)
	at org.jboss.vfs.VirtualJarInputStream.<init>(VirtualJarInputStream.java:78)
	at org.jboss.vfs.VirtualFile.openStream(VirtualFile.java:223)
	at org.jboss.vfs.VFSUtils.readManifest(VFSUtils.java:214)
	at org.jboss.vfs.VirtualJarInputStream.<init>(VirtualJarInputStream.java:78)
	at org.jboss.vfs.VirtualFile.openStream(VirtualFile.java:223)
	at org.jboss.vfs.VFSUtils.readManifest(VFSUtils.java:214)
	at org.jboss.vfs.VirtualJarInputStream.<init>(VirtualJarInputStream.java:78)
	at org.jboss.vfs.VirtualFile.openStream(VirtualFile.java:223)
	at org.jboss.vfs.VFSUtils.readManifest(VFSUtils.java:214)
	at org.jboss.vfs.VirtualJarInputStream.<init>(VirtualJarInputStream.java:78)
	at org.jboss.vfs.VirtualFile.openStream(VirtualFile.java:223)
	at org.jboss.vfs.VFSUtils.readManifest(VFSUtils.java:214)
	at org.jboss.vfs.VirtualJarInputStream.<init>(VirtualJarInputStream.java:78)
	at org.jboss.vfs.VirtualFile.openStream(VirtualFile.java:223)
	at org.jboss.vfs.VFSUtils.readManifest(VFSUtils.java:214)
	at org.jboss.vfs.VirtualJarInputStream.<init>(VirtualJarInputStream.java:78)
	at org.jboss.vfs.VirtualFile.openStream(VirtualFile.java:223)
	at org.jboss.vfs.VFSUtils.readManifest(VFSUtils.java:214)
	at org.jboss.vfs.VirtualJarInputStream.<init>(VirtualJarInputStream.java:78)
	at org.jboss.vfs.VirtualFile.openStream(VirtualFile.java:223)
	at org.jboss.vfs.VFSUtils.readManifest(VFSUtils.java:214)
	at org.jboss.vfs.VirtualJarInputStream.<init>(VirtualJarInputStream.java:78)
	at org.jboss.vfs.VirtualFile.openStream(VirtualFile.java:223)
	at org.jboss.vfs.VFSUtils.readManifest(VFSUtils.java:214)
	at org.jboss.vfs.VirtualJarInputStream.<init>(VirtualJarInputStream.java:78)
	at org.jboss.vfs.VirtualFile.openStream(VirtualFile.java:223)
	at org.jboss.vfs.VFSUtils.readManifest(VFSUtils.java:214)
	at org.jboss.vfs.VirtualJarInputStream.<init>(VirtualJarInputStream.java:78)
	at org.jboss.vfs.VirtualFile.openStream(VirtualFile.java:223)
	at org.jboss.vfs.VFSUtils.readManifest(VFSUtils.java:214)
	at org.jboss.vfs.VirtualJarInputStream.<init>(VirtualJarInputStream.java:78)
	at org.jboss.vfs.VirtualFile.openStream(VirtualFile.java:223)
	at org.jboss.vfs.VFSUtils.readManifest(VFSUtils.java:214)
	at org.jboss.vfs.VirtualJarInputStream.<init>(VirtualJarInputStream.java:78)
	at org.jboss.vfs.VirtualFile.openStream(VirtualFile.java:223)
	at org.jboss.vfs.VFSUtils.readManifest(VFSUtils.java:214)
	at org.jboss.vfs.VirtualJarInputStream.<init>(VirtualJarInputStream.java:78)
	at org.jboss.vfs.VirtualFile.openStream(VirtualFile.java:223)
	at org.jboss.vfs.VFSUtils.readManifest(VFSUtils.java:214)
	at org.jboss.vfs.VirtualJarInputStream.<init>(VirtualJarInputStream.java:78)
	at org.jboss.vfs.VirtualFile.openStream(VirtualFile.java:223)
	at org.jboss.vfs.VFSUtils.readManifest(VFSUtils.java:214)
	at org.jboss.vfs.VirtualJarInputStream.<init>(VirtualJarInputStream.java:78)
	at org.jboss.vfs.VirtualFile.openStream(VirtualFile.java:223)
	at org.jboss.vfs.VFSUtils.readManifest(VFSUtils.java:214)
	at org.jboss.vfs.VirtualJarInputStream.<init>(VirtualJarInputStream.java:78)
	at org.jboss.vfs.VirtualFile.openStream(VirtualFile.java:223)
	at org.jboss.vfs.VFSUtils.readManifest(VFSUtils.java:214)
	at org.jboss.vfs.VirtualJarInputStream.<init>(VirtualJarInputStream.java:78)
	at org.jboss.vfs.VirtualFile.openStream(VirtualFile.java:223)
	at org.jboss.vfs.VFSUtils.readManifest(VFSUtils.java:214)
	at org.jboss.vfs.VirtualJarInputStream.<init>(VirtualJarInputStream.java:78)
	at org.jboss.vfs.VirtualFile.openStream(VirtualFile.java:223)
	at org.jboss.vfs.VFSUtils.readManifest(VFSUtils.java:214)
	at org.jboss.vfs.VirtualJarInputStream.<init>(VirtualJarInputStream.java:78)
	at org.jboss.vfs.VirtualFile.openStream(VirtualFile.java:223)
	at org.jboss.vfs.VFSUtils.readManifest(VFSUtils.java:214)
	at org.jboss.vfs.VirtualJarInputStream.<init>(VirtualJarInputStream.java:78)
	at org.jboss.vfs.VirtualFile.openStream(VirtualFile.java:223)
	at org.jboss.vfs.VFSUtils.readManifest(VFSUtils.java:214)
	at org.jboss.vfs.VirtualJarInputStream.<init>(VirtualJarInputStream.java:78)
	at org.jboss.vfs.VirtualFile.openStream(VirtualFile.java:223)
	at org.jboss.vfs.VFSUtils.readManifest(VFSUtils.java:214)
	at org.jboss.vfs.VirtualJarInputStream.<init>(VirtualJarInputStream.java:78)
	at org.jboss.vfs.VirtualFile.openStream(VirtualFile.java:223)
	at org.jboss.vfs.VFSUtils.readManifest(VFSUtils.java:214)
	at org.jboss.vfs.VirtualJarInputStream.<init>(VirtualJarInputStream.java:78)
	at org.jboss.vfs.VirtualFile.openStream(VirtualFile.java:223)
	at org.jboss.vfs.VFSUtils.readManifest(VFSUtils.java:214)
	at org.jboss.vfs.VirtualJarInputStream.<init>(VirtualJarInputStream.java:78)
	at org.jboss.vfs.VirtualFile.openStream(VirtualFile.java:223)
	at org.jboss.vfs.VFSUtils.readManifest(VFSUtils.java:214)
	at org.jboss.vfs.VirtualJarInputStream.<init>(VirtualJarInputStream.java:78)
	at org.jboss.vfs.VirtualFile.openStream(VirtualFile.java:223)
	at org.jboss.vfs.VFSUtils.readManifest(VFSUtils.java:214)
	at org.jboss.vfs.VirtualJarInputStream.<init>(VirtualJarInputStream.java:78)
	at org.jboss.vfs.VirtualFile.openStream(VirtualFile.java:223)
	at org.jboss.vfs.VFSUtils.readManifest(VFSUtils.java:214)
	at org.jboss.vfs.VirtualJarInputStream.<init>(VirtualJarInputStream.java:78)
	at org.jboss.vfs.VirtualFile.openStream(VirtualFile.java:223)
	at org.jboss.vfs.VFSUtils.readManifest(VFSUtils.java:214)
	at org.jboss.vfs.VirtualJarInputStream.<init>(VirtualJarInputStream.java:78)
	at org.jboss.vfs.VirtualFile.openStream(VirtualFile.java:223)
	at org.jboss.vfs.VFSUtils.readManifest(VFSUtils.java:214)
	at org.jboss.vfs.VirtualJarInputStream.<init>(VirtualJarInputStream.java:78)
	at org.jboss.vfs.VirtualFile.openStream(VirtualFile.java:223)
	at org.jboss.vfs.VFSUtils.readManifest(VFSUtils.java:214)
	at org.jboss.vfs.VirtualJarInputStream.<init>(VirtualJarInputStream.java:78)
	at org.jboss.vfs.VirtualFile.openStream(VirtualFile.java:223)
	at org.jboss.vfs.VFSUtils.readManifest(VFSUtils.java:214)
	at org.jboss.vfs.VirtualJarInputStream.<init>(VirtualJarInputStream.java:78)
	at org.jboss.vfs.VirtualFile.openStream(VirtualFile.java:223)
	at org.jboss.vfs.VFSUtils.readManifest(VFSUtils.java:214)
	at org.jboss.vfs.VirtualJarInputStream.<init>(VirtualJarInputStream.java:78)
	at org.jboss.vfs.VirtualFile.openStream(VirtualFile.java:223)
	at org.jboss.vfs.VFSUtils.readManifest(VFSUtils.java:214)
	at org.jboss.vfs.VirtualJarInputStream.<init>(VirtualJarInputStream.java:78)
	at org.jboss.vfs.VirtualFile.openStream(VirtualFile.java:223)
	at org.jboss.vfs.VFSUtils.readManifest(VFSUtils.java:214)
	at org.jboss.vfs.VirtualJarInputStream.<init>(VirtualJarInputStream.java:78)
	at org.jboss.vfs.VirtualFile.openStream(VirtualFile.java:223)
	at org.jboss.vfs.VFSUtils.readManifest(VFSUtils.java:214)
	at org.jboss.vfs.VirtualJarInputStream.<init>(VirtualJarInputStream.java:78)
	at org.jboss.vfs.VirtualFile.openStream(VirtualFile.java:223)
	at org.jboss.vfs.VFSUtils.readManifest(VFSUtils.java:214)
	at org.jboss.vfs.VirtualJarInputStream.<init>(VirtualJarInputStream.java:78)
	at org.jboss.vfs.VirtualFile.openStream(VirtualFile.java:223)
	at org.jboss.vfs.VFSUtils.readManifest(VFSUtils.java:214)
	at org.jboss.vfs.VirtualJarInputStream.<init>(VirtualJarInputStream.java:78)
	at org.jboss.vfs.VirtualFile.openStream(VirtualFile.java:223)
	at org.jboss.vfs.VFSUtils.readManifest(VFSUtils.java:214)
	at org.jboss.vfs.VirtualJarInputStream.<init>(VirtualJarInputStream.java:78)
	at org.jboss.vfs.VirtualFile.openStream(VirtualFile.java:223)
	at org.jboss.vfs.VFSUtils.readManifest(VFSUtils.java:214)
	at org.jboss.vfs.VirtualJarInputStream.<init>(VirtualJarInputStream.java:78)
	at org.jboss.vfs.VirtualFile.openStream(VirtualFile.java:223)
	at org.jboss.vfs.VFSUtils.readManifest(VFSUtils.java:214)
	at org.jboss.vfs.VirtualJarInputStream.<init>(VirtualJarInputStream.java:78)
	at org.jboss.vfs.VirtualFile.openStream(VirtualFile.java:223)
	at org.jboss.vfs.VFSUtils.readManifest(VFSUtils.java:214)
	at org.jboss.vfs.VirtualJarInputStream.<init>(VirtualJarInputStream.java:78)
	at org.jboss.vfs.VirtualFile.openStream(VirtualFile.java:223)
	at org.jboss.vfs.VFSUtils.readManifest(VFSUtils.java:214)
	at org.jboss.vfs.VirtualJarInputStream.<init>(VirtualJarInputStream.java:78)
	at org.jboss.vfs.VirtualFile.openStream(VirtualFile.java:223)
	at org.jboss.vfs.VFSUtils.readManifest(VFSUtils.java:214)
	at org.jboss.vfs.VirtualJarInputStream.<init>(VirtualJarInputStream.java:78)
	at org.jboss.vfs.VirtualFile.openStream(VirtualFile.java:223)
	at org.jboss.vfs.VFSUtils.readManifest(VFSUtils.java:214)
	at org.jboss.vfs.VirtualJarInputStream.<init>(VirtualJarInputStream.java:78)
	at org.jboss.vfs.VirtualFile.openStream(VirtualFile.java:223)
	at org.jboss.vfs.VFSUtils.readManifest(VFSUtils.java:214)
	at org.jboss.vfs.VirtualJarInputStream.<init>(VirtualJarInputStream.java:78)
	at org.jboss.vfs.VirtualFile.openStream(VirtualFile.java:223)
	at org.jboss.vfs.VFSUtils.readManifest(VFSUtils.java:214)
	at org.jboss.vfs.VirtualJarInputStream.<init>(VirtualJarInputStream.java:78)
	at org.jboss.vfs.VirtualFile.openStream(VirtualFile.java:223)
	at org.jboss.vfs.VFSUtils.readManifest(VFSUtils.java:214)
	at org.jboss.vfs.VirtualJarInputStream.<init>(VirtualJarInputStream.java:78)
	at org.jboss.vfs.VirtualFile.openStream(VirtualFile.java:223)
	at org.jboss.vfs.VFSUtils.readManifest(VFSUtils.java:214)
	at org.jboss.vfs.VirtualJarInputStream.<init>(VirtualJarInputStream.java:78)
	at org.jboss.vfs.VirtualFile.openStream(VirtualFile.java:223)
	at org.jboss.vfs.VFSUtils.readManifest(VFSUtils.java:214)
	at org.jboss.vfs.VirtualJarInputStream.<init>(VirtualJarInputStream.java:78)
	at org.jboss.vfs.VirtualFile.openStream(VirtualFile.java:223)
	at org.jboss.vfs.VFSUtils.readManifest(VFSUtils.java:214)
	at org.jboss.vfs.VirtualJarInputStream.<init>(VirtualJarInputStream.java:78)
	at org.jboss.vfs.VirtualFile.openStream(VirtualFile.java:223)
	at org.jboss.vfs.VFSUtils.readManifest(VFSUtils.java:214)
	at org.jboss.vfs.VirtualJarInputStream.<init>(VirtualJarInputStream.java:78)
	at org.jboss.vfs.VirtualFile.openStream(VirtualFile.java:223)
	at org.jboss.vfs.VFSUtils.readManifest(VFSUtils.java:214)
	at org.jboss.vfs.VirtualJarInputStream.<init>(VirtualJarInputStream.java:78)
	at org.jboss.vfs.VirtualFile.openStream(VirtualFile.java:223)
	at org.jboss.vfs.VFSUtils.readManifest(VFSUtils.java:214)
	at org.jboss.vfs.VirtualJarInputStream.<init>(VirtualJarInputStream.java:78)
	at org.jboss.vfs.VirtualFile.openStream(VirtualFile.java:223)
	at org.jboss.vfs.VFSUtils.readManifest(VFSUtils.java:214)
	at org.jboss.vfs.VirtualJarInputStream.<init>(VirtualJarInputStream.java:78)
	at org.jboss.vfs.VirtualFile.openStream(VirtualFile.java:223)
	at org.jboss.vfs.VFSUtils.readManifest(VFSUtils.java:214)
	at org.jboss.vfs.VirtualJarInputStream.<init>(VirtualJarInputStream.java:78)
	at org.jboss.vfs.VirtualFile.openStream(VirtualFile.java:223)
	at org.jboss.vfs.VFSUtils.readManifest(VFSUtils.java:214)
	at org.jboss.vfs.VirtualJarInputStream.<init>(VirtualJarInputStream.java:78)
	at org.jboss.vfs.VirtualFile.openStream(VirtualFile.java:223)
	at org.jboss.vfs.VFSUtils.readManifest(VFSUtils.java:214)
	at org.jboss.vfs.VirtualJarInputStream.<init>(VirtualJarInputStream.java:78)
	at org.jboss.vfs.VirtualFile.openStream(VirtualFile.java:223)
	at org.jboss.vfs.VFSUtils.readManifest(VFSUtils.java:214)
	at org.jboss.vfs.VirtualJarInputStream.<init>(VirtualJarInputStream.java:78)
	at org.jboss.vfs.VirtualFile.openStream(VirtualFile.java:223)
	at org.jboss.vfs.VFSUtils.readManifest(VFSUtils.java:214)
	at org.jboss.vfs.VirtualJarInputStream.<init>(VirtualJarInputStream.java:78)
	at org.jboss.vfs.VirtualFile.openStream(VirtualFile.java:223)
	at org.jboss.vfs.VFSUtils.readManifest(VFSUtils.java:214)
	at org.jboss.vfs.VirtualJarInputStream.<init>(VirtualJarInputStream.java:78)
	at org.jboss.vfs.VirtualFile.openStream(VirtualFile.java:223)
	at org.jboss.vfs.VFSUtils.readManifest(VFSUtils.java:214)
	at org.jboss.vfs.VirtualJarInputStream.<init>(VirtualJarInputStream.java:78)
	at org.jboss.vfs.VirtualFile.openStream(VirtualFile.java:223)
	at org.jboss.vfs.VFSUtils.readManifest(VFSUtils.java:214)
	at org.jboss.vfs.VirtualJarInputStream.<init>(VirtualJarInputStream.java:78)
	at org.jboss.vfs.VirtualFile.openStream(VirtualFile.java:223)
	at org.jboss.vfs.VFSUtils.readManifest(VFSUtils.java:214)
	at org.jboss.vfs.VirtualJarInputStream.<init>(VirtualJarInputStream.java:78)
	at org.jboss.vfs.VirtualFile.openStream(VirtualFile.java:223)
	at org.jboss.vfs.VFSUtils.readManifest(VFSUtils.java:214)
	at org.jboss.vfs.VirtualJarInputStream.<init>(VirtualJarInputStream.java:78)
	at org.jboss.vfs.VirtualFile.openStream(VirtualFile.java:223)
	at org.jboss.vfs.VFSUtils.readManifest(VFSUtils.java:214)
	at org.jboss.vfs.VirtualJarInputStream.<init>(VirtualJarInputStream.java:78)
	at org.jboss.vfs.VirtualFile.openStream(VirtualFile.java:223)
	at org.jboss.vfs.VFSUtils.readManifest(VFSUtils.java:214)
	at org.jboss.vfs.VirtualJarInputStream.<init>(VirtualJarInputStream.java:78)
	at org.jboss.vfs.VirtualFile.openStream(VirtualFile.java:223)
	at org.jboss.vfs.VFSUtils.readManifest(VFSUtils.java:214)
	at org.jboss.vfs.VirtualJarInputStream.<init>(VirtualJarInputStream.java:78)
	at org.jboss.vfs.VirtualFile.openStream(VirtualFile.java:223)
	at org.jboss.vfs.VFSUtils.readManifest(VFSUtils.java:214)
	at org.jboss.vfs.VirtualJarInputStream.<init>(VirtualJarInputStream.java:78)
	at org.jboss.vfs.VirtualFile.openStream(VirtualFile.java:223)
	at org.jboss.vfs.VFSUtils.readManifest(VFSUtils.java:214)
	at org.jboss.vfs.VirtualJarInputStream.<init>(VirtualJarInputStream.java:78)
	at org.jboss.vfs.VirtualFile.openStream(VirtualFile.java:223)
	at org.jboss.vfs.VFSUtils.readManifest(VFSUtils.java:214)
	at org.jboss.vfs.VirtualJarInputStream.<init>(VirtualJarInputStream.java:78)
	at org.jboss.vfs.VirtualFile.openStream(VirtualFile.java:223)
	at org.jboss.vfs.VFSUtils.readManifest(VFSUtils.java:214)
	at org.jboss.vfs.VirtualJarInputStream.<init>(VirtualJarInputStream.java:78)
	at org.jboss.vfs.VirtualFile.openStream(VirtualFile.java:223)
	at org.jboss.vfs.VFSUtils.readManifest(VFSUtils.java:214)
	at org.jboss.vfs.VirtualJarInputStream.<init>(VirtualJarInputStream.java:78)
	at org.jboss.vfs.VirtualFile.openStream(VirtualFile.java:223)
	at org.jboss.vfs.VFSUtils.readManifest(VFSUtils.java:214)
	at org.jboss.vfs.VirtualJarInputStream.<init>(VirtualJarInputStream.java:78)
	at org.jboss.vfs.VirtualFile.openStream(VirtualFile.java:223)
	at org.jboss.vfs.VFSUtils.readManifest(VFSUtils.java:214)
	at org.jboss.vfs.VirtualJarInputStream.<init>(VirtualJarInputStream.java:78)
	at org.jboss.vfs.VirtualFile.openStream(VirtualFile.java:223)
	at org.jboss.vfs.VFSUtils.readManifest(VFSUtils.java:214)
	at org.jboss.vfs.VirtualJarInputStream.<init>(VirtualJarInputStream.java:78)
	at org.jboss.vfs.VirtualFile.openStream(VirtualFile.java:223)
	at org.jboss.vfs.VFSUtils.readManifest(VFSUtils.java:214)
	at org.jboss.vfs.VirtualJarInputStream.<init>(VirtualJarInputStream.java:78)
	at org.jboss.vfs.VirtualFile.openStream(VirtualFile.java:223)
	at org.jboss.vfs.VFSUtils.readManifest(VFSUtils.java:214)
	at org.jboss.vfs.VirtualJarInputStream.<init>(VirtualJarInputStream.java:78)
	at org.jboss.vfs.VirtualFile.openStream(VirtualFile.java:223)
	at org.jboss.vfs.VFSUtils.readManifest(VFSUtils.java:214)
	at org.jboss.vfs.VirtualJarInputStream.<init>(VirtualJarInputStream.java:78)
	at org.jboss.vfs.VirtualFile.openStream(VirtualFile.java:223)
	at org.jboss.vfs.VFSUtils.readManifest(VFSUtils.java:214)
	at org.jboss.vfs.VirtualJarInputStream.<init>(VirtualJarInputStream.java:78)
	at org.jboss.vfs.VirtualFile.openStream(VirtualFile.java:223)
	at org.jboss.vfs.VFSUtils.readManifest(VFSUtils.java:214)
	at org.jboss.vfs.VirtualJarInputStream.<init>(VirtualJarInputStream.java:78)
	at org.jboss.vfs.VirtualFile.openStream(VirtualFile.java:223)
	at org.jboss.vfs.VFSUtils.readManifest(VFSUtils.java:214)
	at org.jboss.vfs.VirtualJarInputStream.<init>(VirtualJarInputStream.java:78)
	at org.jboss.vfs.VirtualFile.openStream(VirtualFile.java:223)
	at org.jboss.vfs.VFSUtils.readManifest(VFSUtils.java:214)
	at org.jboss.vfs.VirtualJarInputStream.<init>(VirtualJarInputStream.java:78)
	at org.jboss.vfs.VirtualFile.openStream(VirtualFile.java:223)
	at org.jboss.vfs.VFSUtils.readManifest(VFSUtils.java:214)
	at org.jboss.vfs.VirtualJarInputStream.<init>(VirtualJarInputStream.java:78)
	at org.jboss.vfs.VirtualFile.openStream(VirtualFile.java:223)
	at org.jboss.vfs.VFSUtils.readManifest(VFSUtils.java:214)
	at org.jboss.vfs.VirtualJarInputStream.<init>(VirtualJarInputStream.java:78)
	at org.jboss.vfs.VirtualFile.openStream(VirtualFile.java:223)
	at org.jboss.vfs.VFSUtils.readManifest(VFSUtils.java:214)
	at org.jboss.vfs.VirtualJarInputStream.<init>(VirtualJarInputStream.java:78)
	at org.jboss.vfs.VirtualFile.openStream(VirtualFile.java:223)
	at org.jboss.vfs.VFSUtils.readManifest(VFSUtils.java:214)
	at org.jboss.vfs.VirtualJarInputStream.<init>(VirtualJarInputStream.java:78)
	at org.jboss.vfs.VirtualFile.openStream(VirtualFile.java:223)
	at org.jboss.vfs.VFSUtils.readManifest(VFSUtils.java:214)
	at org.jboss.vfs.VirtualJarInputStream.<init>(VirtualJarInputStream.java:78)
	at org.jboss.vfs.VirtualFile.openStream(VirtualFile.java:223)
	at org.jboss.vfs.VFSUtils.readManifest(VFSUtils.java:214)
	at org.jboss.vfs.VirtualJarInputStream.<init>(VirtualJarInputStream.java:78)
	at org.jboss.vfs.VirtualFile.openStream(VirtualFile.java:223)
	at org.jboss.vfs.VFSUtils.readManifest(VFSUtils.java:214)
	at org.jboss.vfs.VirtualJarInputStream.<init>(VirtualJarInputStream.java:78)
	at org.jboss.vfs.VirtualFile.openStream(VirtualFile.java:223)
	at org.jboss.vfs.VFSUtils.readManifest(VFSUtils.java:214)
	at org.jboss.vfs.VirtualJarInputStream.<init>(VirtualJarInputStream.java:78)
	at org.jboss.vfs.VirtualFile.openStream(VirtualFile.java:223)
	at org.jboss.vfs.VFSUtils.readManifest(VFSUtils.java:214)
	at org.jboss.vfs.VirtualJarInputStream.<init>(VirtualJarInputStream.java:78)
	at org.jboss.vfs.VirtualFile.openStream(VirtualFile.java:223)
	at org.jboss.vfs.VFSUtils.readManifest(VFSUtils.java:214)
	at org.jboss.vfs.VirtualJarInputStream.<init>(VirtualJarInputStream.java:78)
	at org.jboss.vfs.VirtualFile.openStream(VirtualFile.java:223)
	at org.jboss.vfs.VFSUtils.readManifest(VFSUtils.java:214)
	at org.jboss.vfs.VirtualJarInputStream.<init>(VirtualJarInputStream.java:78)
	at org.jboss.vfs.VirtualFile.openStream(VirtualFile.java:223)
	at org.jboss.vfs.VFSUtils.readManifest(VFSUtils.java:214)
	at org.jboss.vfs.VirtualJarInputStream.<init>(VirtualJarInputStream.java:78)
	at org.jboss.vfs.VirtualFile.openStream(VirtualFile.java:223)
	at org.jboss.vfs.VFSUtils.readManifest(VFSUtils.java:214)
	at org.jboss.vfs.VirtualJarInputStream.<init>(VirtualJarInputStream.java:78)
	at org.jboss.vfs.VirtualFile.openStream(VirtualFile.java:223)
	at org.jboss.vfs.VFSUtils.readManifest(VFSUtils.java:214)
	at org.jboss.vfs.VirtualJarInputStream.<init>(VirtualJarInputStream.java:78)
	at org.jboss.vfs.VirtualFile.openStream(VirtualFile.java:223)
	at org.jboss.vfs.VFSUtils.readManifest(VFSUtils.java:214)
	at org.jboss.vfs.VirtualJarInputStream.<init>(VirtualJarInputStream.java:78)
	at org.jboss.vfs.VirtualFile.openStream(VirtualFile.java:223)
	at org.jboss.vfs.VFSUtils.readManifest(VFSUtils.java:214)
	at org.jboss.vfs.VirtualJarInputStream.<init>(VirtualJarInputStream.java:78)
	at org.jboss.vfs.VirtualFile.openStream(VirtualFile.java:223)
	at org.jboss.vfs.VFSUtils.readManifest(VFSUtils.java:214)
	at org.jboss.vfs.VirtualJarInputStream.<init>(VirtualJarInputStream.java:78)
	at org.jboss.vfs.VirtualFile.openStream(VirtualFile.java:223)
	at org.jboss.vfs.VFSUtils.readManifest(VFSUtils.java:214)
	at org.jboss.vfs.VirtualJarInputStream.<init>(VirtualJarInputStream.java:78)
	at org.jboss.vfs.VirtualFile.openStream(VirtualFile.java:223)
	at org.jboss.vfs.VFSUtils.readManifest(VFSUtils.java:214)
	at org.jboss.vfs.VirtualJarInputStream.<init>(VirtualJarInputStream.java:78)
	at org.jboss.vfs.VirtualFile.openStream(VirtualFile.java:223)
	at org.jboss.vfs.VFSUtils.readManifest(VFSUtils.java:214)
	at org.jboss.vfs.VirtualJarInputStream.<init>(VirtualJarInputStream.java:78)
	at org.jboss.vfs.VirtualFile.openStream(VirtualFile.java:223)
	at org.jboss.vfs.VFSUtils.readManifest(VFSUtils.java:214)
	at org.jboss.vfs.VirtualJarInputStream.<init>(VirtualJarInputStream.java:78)
	at org.jboss.vfs.VirtualFile.openStream(VirtualFile.java:223)
	at org.jboss.vfs.VFSUtils.readManifest(VFSUtils.java:214)
	at org.jboss.vfs.VirtualJarInputStream.<init>(VirtualJarInputStream.java:78)
	at org.jboss.vfs.VirtualFile.openStream(VirtualFile.java:223)
	at org.jboss.vfs.VFSUtils.readManifest(VFSUtils.java:214)
	at org.jboss.vfs.VirtualJarInputStream.<init>(VirtualJarInputStream.java:78)
	at org.jboss.vfs.VirtualFile.openStream(VirtualFile.java:223)
	at org.jboss.vfs.VFSUtils.readManifest(VFSUtils.java:214)
	at org.jboss.vfs.VirtualJarInputStream.<init>(VirtualJarInputStream.java:78)
	at org.jboss.vfs.VirtualFile.openStream(VirtualFile.java:223)
	at org.jboss.vfs.VFSUtils.readManifest(VFSUtils.java:214)
	at org.jboss.vfs.VirtualJarInputStream.<init>(VirtualJarInputStream.java:78)
	at org.jboss.vfs.VirtualFile.openStream(VirtualFile.java:223)
	at org.jboss.vfs.VFSUtils.readManifest(VFSUtils.java:214)
	at org.jboss.vfs.VirtualJarInputStream.<init>(VirtualJarInputStream.java:78)
	at org.jboss.vfs.VirtualFile.openStream(VirtualFile.java:223)
	at org.jboss.vfs.VFSUtils.readManifest(VFSUtils.java:214)
	at org.jboss.vfs.VirtualJarInputStream.<init>(VirtualJarInputStream.java:78)
	at org.jboss.vfs.VirtualFile.openStream(VirtualFile.java:223)
	at org.jboss.vfs.VFSUtils.readManifest(VFSUtils.java:214)
	at org.jboss.vfs.VirtualJarInputStream.<init>(VirtualJarInputStream.java:78)
	at org.jboss.vfs.VirtualFile.openStream(VirtualFile.java:223)
	at org.jboss.vfs.VFSUtils.readManifest(VFSUtils.java:214)
	at org.jboss.vfs.VirtualJarInputStream.<init>(VirtualJarInputStream.java:78)
	at org.jboss.vfs.VirtualFile.openStream(VirtualFile.java:223)
	at org.jboss.vfs.VFSUtils.readManifest(VFSUtils.java:214)
	at org.jboss.vfs.VirtualJarInputStream.<init>(VirtualJarInputStream.java:78)
	at org.jboss.vfs.VirtualFile.openStream(VirtualFile.java:223)
	at org.jboss.vfs.VFSUtils.readManifest(VFSUtils.java:214)
	at org.jboss.vfs.VirtualJarInputStream.<init>(VirtualJarInputStream.java:78)
	at org.jboss.vfs.VirtualFile.openStream(VirtualFile.java:223)
	at org.jboss.vfs.VFSUtils.readManifest(VFSUtils.java:214)
	at org.jboss.vfs.VirtualJarInputStream.<init>(VirtualJarInputStream.java:78)
	at org.jboss.vfs.VirtualFile.openStream(VirtualFile.java:223)
	at org.jboss.vfs.VFSUtils.readManifest(VFSUtils.java:214)
	at org.jboss.vfs.VirtualJarInputStream.<init>(VirtualJarInputStream.java:78)
	at org.jboss.vfs.VirtualFile.openStream(VirtualFile.java:223)
	at org.jboss.vfs.VFSUtils.readManifest(VFSUtils.java:214)
	at org.jboss.vfs.VirtualJarInputStream.<init>(VirtualJarInputStream.java:78)
	at org.jboss.vfs.VirtualFile.openStream(VirtualFile.java:223)
	at org.jboss.vfs.VFSUtils.readManifest(VFSUtils.java:214)
	at org.jboss.vfs.VirtualJarInputStream.<init>(VirtualJarInputStream.java:78)
	at org.jboss.vfs.VirtualFile.openStream(VirtualFile.java:223)
	at org.jboss.vfs.VFSUtils.readManifest(VFSUtils.java:214)
	at org.jboss.vfs.VirtualJarInputStream.<init>(VirtualJarInputStream.java:78)
	at org.jboss.vfs.VirtualFile.openStream(VirtualFile.java:223)
	at org.jboss.vfs.VFSUtils.readManifest(VFSUtils.java:214)
	at org.jboss.vfs.VirtualJarInputStream.<init>(VirtualJarInputStream.java:78)
	at org.jboss.vfs.VirtualFile.openStream(VirtualFile.java:223)
	at org.jboss.vfs.VFSUtils.readManifest(VFSUtils.java:214)
	at org.jboss.vfs.VirtualJarInputStream.<init>(VirtualJarInputStream.java:78)
	at org.jboss.vfs.VirtualFile.openStream(VirtualFile.java:223)
	at org.jboss.vfs.VFSUtils.readManifest(VFSUtils.java:214)
	at org.jboss.vfs.VirtualJarInputStream.<init>(VirtualJarInputStream.java:78)
	at org.jboss.vfs.VirtualFile.openStream(VirtualFile.java:223)
	at org.jboss.vfs.VFSUtils.readManifest(VFSUtils.java:214)
	at org.jboss.vfs.VirtualJarInputStream.<init>(VirtualJarInputStream.java:78)
	at org.jboss.vfs.VirtualFile.openStream(VirtualFile.java:223)
	at org.jboss.vfs.VFSUtils.readManifest(VFSUtils.java:214)
	at org.jboss.vfs.VirtualJarInputStream.<init>(VirtualJarInputStream.java:78)
	at org.jboss.vfs.VirtualFile.openStream(VirtualFile.java:223)
	at org.jboss.vfs.VFSUtils.readManifest(VFSUtils.java:214)
	at org.jboss.vfs.VirtualJarInputStream.<init>(VirtualJarInputStream.java:78)
	at org.jboss.vfs.VirtualFile.openStream(VirtualFile.java:223)
	at org.jboss.vfs.VFSUtils.readManifest(VFSUtils.java:214)
	at org.jboss.vfs.VirtualJarInputStream.<init>(VirtualJarInputStream.java:78)
	at org.jboss.vfs.VirtualFile.openStream(VirtualFile.java:223)
	at org.jboss.vfs.VFSUtils.readManifest(VFSUtils.java:214)
	at org.jboss.vfs.VirtualJarInputStream.<init>(VirtualJarInputStream.java:78)
	at org.jboss.vfs.VirtualFile.openStream(VirtualFile.java:223)
	at org.jboss.vfs.VFSUtils.readManifest(VFSUtils.java:214)
	at org.jboss.vfs.VirtualJarInputStream.<init>(VirtualJarInputStream.java:78)
	at org.jboss.vfs.VirtualFile.openStream(VirtualFile.java:223)
	at org.jboss.vfs.VFSUtils.readManifest(VFSUtils.java:214)
	at org.jboss.vfs.VirtualJarInputStream.<init>(VirtualJarInputStream.java:78)
	at org.jboss.vfs.VirtualFile.openStream(VirtualFile.java:223)
	at org.jboss.vfs.VFSUtils.readManifest(VFSUtils.java:214)
	at org.jboss.vfs.VirtualJarInputStream.<init>(VirtualJarInputStream.java:78)
	at org.jboss.vfs.VirtualFile.openStream(VirtualFile.java:223)
	at org.jboss.vfs.VFSUtils.readManifest(VFSUtils.java:214)
	at org.jboss.vfs.VirtualJarInputStream.<init>(VirtualJarInputStream.java:78)
	at org.jboss.vfs.VirtualFile.openStream(VirtualFile.java:223)
	at org.jboss.vfs.VFSUtils.readManifest(VFSUtils.java:214)
	at org.jboss.vfs.VirtualJarInputStream.<init>(VirtualJarInputStream.java:78)
	at org.jboss.vfs.VirtualFile.openStream(VirtualFile.java:223)
	at org.jboss.vfs.VFSUtils.readManifest(VFSUtils.java:214)
	at org.jboss.vfs.VirtualJarInputStream.<init>(VirtualJarInputStream.java:78)
	at org.jboss.vfs.VirtualFile.openStream(VirtualFile.java:223)
	at org.jboss.vfs.VFSUtils.readManifest(VFSUtils.java:214)
	at org.jboss.vfs.VirtualJarInputStream.<init>(VirtualJarInputStream.java:78)
	at org.jboss.vfs.VirtualFile.openStream(VirtualFile.java:223)
	at org.jboss.vfs.VFSUtils.readManifest(VFSUtils.java:214)
	at org.jboss.vfs.VirtualJarInputStream.<init>(VirtualJarInputStream.java:78)
	at org.jboss.vfs.VirtualFile.openStream(VirtualFile.java:223)
	at org.jboss.vfs.VFSUtils.readManifest(VFSUtils.java:214)
	at org.jboss.vfs.VirtualJarInputStream.<init>(VirtualJarInputStream.java:78)
	at org.jboss.vfs.VirtualFile.openStream(VirtualFile.java:223)
	at org.jboss.vfs.VFSUtils.readManifest(VFSUtils.java:214)
	at org.jboss.vfs.VirtualJarInputStream.<init>(VirtualJarInputStream.java:78)
	at org.jboss.vfs.VirtualFile.openStream(VirtualFile.java:223)
	at org.jboss.vfs.VFSUtils.readManifest(VFSUtils.java:214)
	at org.jboss.vfs.VirtualJarInputStream.<init>(VirtualJarInputStream.java:78)
	at org.jboss.vfs.VirtualFile.openStream(VirtualFile.java:223)
	at org.jboss.vfs.VFSUtils.readManifest(VFSUtils.java:214)
	at org.jboss.vfs.VirtualJarInputStream.<init>(VirtualJarInputStream.java:78)
	at org.jboss.vfs.VirtualFile.openStream(VirtualFile.java:223)
	at org.jboss.vfs.VFSUtils.readManifest(VFSUtils.java:214)
	at org.jboss.vfs.VirtualJarInputStream.<init>(VirtualJarInputStream.java:78)
	at org.jboss.vfs.VirtualFile.openStream(VirtualFile.java:223)
	at org.jboss.vfs.VFSUtils.readManifest(VFSUtils.java:214)
	at org.jboss.vfs.VirtualJarInputStream.<init>(VirtualJarInputStream.java:78)
	at org.jboss.vfs.VirtualFile.openStream(VirtualFile.java:223)
	at org.jboss.vfs.VFSUtils.readManifest(VFSUtils.java:214)
	at org.jboss.vfs.VirtualJarInputStream.<init>(VirtualJarInputStream.java:78)
	at org.jboss.vfs.VirtualFile.openStream(VirtualFile.java:223)
	at org.jboss.vfs.VFSUtils.readManifest(VFSUtils.java:214)
	at org.jboss.vfs.VirtualJarInputStream.<init>(VirtualJarInputStream.java:78)
	at org.jboss.vfs.VirtualFile.openStream(VirtualFile.java:223)
	at org.jboss.vfs.VFSUtils.readManifest(VFSUtils.java:214)
	at org.jboss.vfs.VirtualJarInputStream.<init>(VirtualJarInputStream.java:78)
	at org.jboss.vfs.VirtualFile.openStream(VirtualFile.java:223)
	at org.jboss.vfs.VFSUtils.readManifest(VFSUtils.java:214)
	at org.jboss.vfs.VirtualJarInputStream.<init>(VirtualJarInputStream.java:78)
	at org.jboss.vfs.VirtualFile.openStream(VirtualFile.java:223)
	at org.jboss.vfs.VFSUtils.readManifest(VFSUtils.java:214)
	at org.jboss.vfs.VirtualJarInputStream.<init>(VirtualJarInputStream.java:78)
	at org.jboss.vfs.VirtualFile.openStream(VirtualFile.java:223)
	at org.jboss.vfs.VFSUtils.readManifest(VFSUtils.java:214)
	at org.jboss.vfs.VirtualJarInputStream.<init>(VirtualJarInputStream.java:78)
	at org.jboss.vfs.VirtualFile.openStream(VirtualFile.java:223)
	at org.jboss.vfs.VFSUtils.readManifest(VFSUtils.java:214)
	at org.jboss.vfs.VirtualJarInputStream.<init>(VirtualJarInputStream.java:78)
	at org.jboss.vfs.VirtualFile.openStream(VirtualFile.java:223)
	at org.jboss.vfs.VFSUtils.readManifest(VFSUtils.java:214)
	at org.jboss.vfs.VirtualJarInputStream.<init>(VirtualJarInputStream.java:78)
	at org.jboss.vfs.VirtualFile.openStream(VirtualFile.java:223)
	at org.jboss.vfs.VFSUtils.readManifest(VFSUtils.java:214)
	at org.jboss.vfs.VirtualJarInputStream.<init>(VirtualJarInputStream.java:78)
	at org.jboss.vfs.VirtualFile.openStream(VirtualFile.java:223)
	at org.jboss.vfs.VFSUtils.readManifest(VFSUtils.java:214)
	at org.jboss.vfs.VirtualJarInputStream.<init>(VirtualJarInputStream.java:78)
	at org.jboss.vfs.VirtualFile.openStream(VirtualFile.java:223)
	at org.jboss.vfs.VFSUtils.readManifest(VFSUtils.java:214)
	at org.jboss.vfs.VirtualJarInputStream.<init>(VirtualJarInputStream.java:78)
	at org.jboss.vfs.VirtualFile.openStream(VirtualFile.java:223)
	at org.jboss.vfs.VFSUtils.readManifest(VFSUtils.java:214)
	at org.jboss.vfs.VirtualJarInputStream.<init>(VirtualJarInputStream.java:78)
	at org.jboss.vfs.VirtualFile.openStream(VirtualFile.java:223)
	at org.jboss.vfs.VFSUtils.readManifest(VFSUtils.java:214)
	at org.jboss.vfs.VirtualJarInputStream.<init>(VirtualJarInputStream.java:78)
	at org.jboss.vfs.VirtualFile.openStream(VirtualFile.java:223)
	at org.jboss.vfs.VFSUtils.readManifest(VFSUtils.java:214)
	at org.jboss.vfs.VirtualJarInputStream.<init>(VirtualJarInputStream.java:78)
	at org.jboss.vfs.VirtualFile.openStream(VirtualFile.java:223)
	at org.jboss.vfs.VFSUtils.readManifest(VFSUtils.java:214)
	at org.jboss.vfs.VirtualJarInputStream.<init>(VirtualJarInputStream.java:78)
	at org.jboss.vfs.VirtualFile.openStream(VirtualFile.java:223)
	at org.jboss.vfs.VFSUtils.readManifest(VFSUtils.java:214)
	at org.jboss.vfs.VirtualJarInputStream.<init>(VirtualJarInputStream.java:78)
	at org.jboss.vfs.VirtualFile.openStream(VirtualFile.java:223)
	at org.jboss.vfs.VFSUtils.readManifest(VFSUtils.java:214)
	at org.jboss.vfs.VirtualJarInputStream.<init>(VirtualJarInputStream.java:78)
	at org.jboss.vfs.VirtualFile.openStream(VirtualFile.java:223)
	at org.jboss.vfs.VFSUtils.readManifest(VFSUtils.java:214)
	at org.jboss.vfs.VirtualJarInputStream.<init>(VirtualJarInputStream.java:78)
	at org.jboss.vfs.VirtualFile.openStream(VirtualFile.java:223)
	at org.jboss.vfs.VFSUtils.readManifest(VFSUtils.java:214)
	at org.jboss.vfs.VirtualJarInputStream.<init>(VirtualJarInputStream.java:78)
	at org.jboss.vfs.VirtualFile.openStream(VirtualFile.java:223)
	at org.jboss.vfs.VFSUtils.readManifest(VFSUtils.java:214)
	at org.jboss.vfs.VirtualJarInputStream.<init>(VirtualJarInputStream.java:78)
	at org.jboss.vfs.VirtualFile.openStream(VirtualFile.java:223)
	at org.jboss.vfs.VFSUtils.readManifest(VFSUtils.java:214)
	at org.jboss.vfs.VirtualJarInputStream.<init>(VirtualJarInputStream.java:78)
	at org.jboss.vfs.VirtualFile.openStream(VirtualFile.java:223)
	at org.jboss.vfs.VFSUtils.readManifest(VFSUtils.java:214)
	at org.jboss.vfs.VirtualJarInputStream.<init>(VirtualJarInputStream.java:78)
	at org.jboss.vfs.VirtualFile.openStream(VirtualFile.java:223)
	at org.jboss.vfs.VFSUtils.readManifest(VFSUtils.java:214)
	at org.jboss.vfs.VirtualJarInputStream.<init>(VirtualJarInputStream.java:78)
	at org.jboss.vfs.VirtualFile.openStream(VirtualFile.java:223)
	at org.jboss.vfs.VFSUtils.readManifest(VFSUtils.java:214)
	at org.jboss.vfs.VirtualJarInputStream.<init>(VirtualJarInputStream.java:78)
	at org.jboss.vfs.VirtualFile.openStream(VirtualFile.java:223)
	at org.jboss.vfs.VFSUtils.readManifest(VFSUtils.java:214)
	at org.jboss.vfs.VirtualJarInputStream.<init>(VirtualJarInputStream.java:78)
	at org.jboss.vfs.VirtualFile.openStream(VirtualFile.java:223)
	at org.jboss.vfs.VFSUtils.readManifest(VFSUtils.java:214)
	at org.jboss.vfs.VirtualJarInputStream.<init>(VirtualJarInputStream.java:78)
	at org.jboss.vfs.VirtualFile.openStream(VirtualFile.java:223)
	at org.jboss.vfs.VFSUtils.readManifest(VFSUtils.java:214)
	at org.jboss.vfs.VirtualJarInputStream.<init>(VirtualJarInputStream.java:78)
	at org.jboss.vfs.VirtualFile.openStream(VirtualFile.java:223)
	at org.jboss.vfs.VFSUtils.readManifest(VFSUtils.java:214)
	at org.jboss.vfs.VirtualJarInputStream.<init>(VirtualJarInputStream.java:78)
	at org.jboss.vfs.VirtualFile.openStream(VirtualFile.java:223)
	at org.jboss.vfs.VFSUtils.readManifest(VFSUtils.java:214)
	at org.jboss.vfs.VirtualJarInputStream.<init>(VirtualJarInputStream.java:78)
	at org.jboss.vfs.VirtualFile.openStream(VirtualFile.java:223)
	at org.jboss.vfs.VFSUtils.readManifest(VFSUtils.java:214)
	at org.jboss.vfs.VirtualJarInputStream.<init>(VirtualJarInputStream.java:78)
	at org.jboss.vfs.VirtualFile.openStream(VirtualFile.java:223)
	at org.jboss.vfs.VFSUtils.readManifest(VFSUtils.java:214)
	at org.jboss.vfs.VirtualJarInputStream.<init>(VirtualJarInputStream.java:78)
	at org.jboss.vfs.VirtualFile.openStream(VirtualFile.java:223)
	at org.jboss.vfs.VFSUtils.readManifest(VFSUtils.java:214)
	at org.jboss.vfs.VirtualJarInputStream.<init>(VirtualJarInputStream.java:78)
	at org.jboss.vfs.VirtualFile.openStream(VirtualFile.java:223)
	at org.jboss.vfs.VFSUtils.readManifest(VFSUtils.java:214)
	at org.jboss.vfs.VirtualJarInputStream.<init>(VirtualJarInputStream.java:78)
	at org.jboss.vfs.VirtualFile.openStream(VirtualFile.java:223)
	at org.jboss.vfs.VFSUtils.readManifest(VFSUtils.java:214)
	at org.jboss.vfs.VirtualJarInputStream.<init>(VirtualJarInputStream.java:78)
	at org.jboss.vfs.VirtualFile.openStream(VirtualFile.java:223)
	at org.jboss.vfs.VFSUtils.readManifest(VFSUtils.java:214)
	at org.jboss.vfs.VirtualJarInputStream.<init>(VirtualJarInputStream.java:78)
	at org.jboss.vfs.VirtualFile.openStream(VirtualFile.java:223)
	at org.jboss.vfs.VFSUtils.readManifest(VFSUtils.java:214)
	at org.jboss.vfs.VirtualJarInputStream.<init>(VirtualJarInputStream.java:78)
	at org.jboss.vfs.VirtualFile.openStream(VirtualFile.java:223)
	at org.jboss.vfs.VFSUtils.readManifest(VFSUtils.java:214)
	at org.jboss.vfs.VirtualJarInputStream.<init>(VirtualJarInputStream.java:78)
	at org.jboss.vfs.VirtualFile.openStream(VirtualFile.java:223)
	at org.jboss.vfs.VFSUtils.readManifest(VFSUtils.java:214)
	at org.jboss.vfs.VirtualJarInputStream.<init>(VirtualJarInputStream.java:78)
	at org.jboss.vfs.VirtualFile.openStream(VirtualFile.java:223)
	at org.jboss.vfs.VFSUtils.readManifest(VFSUtils.java:214)
	at org.jboss.vfs.VirtualJarInputStream.<init>(VirtualJarInputStream.java:78)
	at org.jboss.vfs.VirtualFile.openStream(VirtualFile.java:223)
	at org.jboss.vfs.VFSUtils.readManifest(VFSUtils.java:214)
	at org.jboss.vfs.VirtualJarInputStream.<init>(VirtualJarInputStream.java:78)
	at org.jboss.vfs.VirtualFile.openStream(VirtualFile.java:223)
	at org.jboss.vfs.VFSUtils.readManifest(VFSUtils.java:214)
	at org.jboss.vfs.VirtualJarInputStream.<init>(VirtualJarInputStream.java:78)
	at org.jboss.vfs.VirtualFile.openStream(VirtualFile.java:223)
	at org.jboss.vfs.VFSUtils.readManifest(VFSUtils.java:214)
	at org.jboss.vfs.VirtualJarInputStream.<init>(VirtualJarInputStream.java:78)
	at org.jboss.vfs.VirtualFile.openStream(VirtualFile.java:223)
	at org.jboss.vfs.VFSUtils.readManifest(VFSUtils.java:214)
	at org.jboss.vfs.VirtualJarInputStream.<init>(VirtualJarInputStream.java:78)
	at org.jboss.vfs.VirtualFile.openStream(VirtualFile.java:223)
	at org.jboss.vfs.VFSUtils.readManifest(VFSUtils.java:214)
	at org.jboss.vfs.VirtualJarInputStream.<init>(VirtualJarInputStream.java:78)
	at org.jboss.vfs.VirtualFile.openStream(VirtualFile.java:223)
	at org.jboss.vfs.VFSUtils.readManifest(VFSUtils.java:214)
	at org.jboss.vfs.VirtualJarInputStream.<init>(VirtualJarInputStream.java:78)
	at org.jboss.vfs.VirtualFile.openStream(VirtualFile.java:223)
	at org.jboss.vfs.VFSUtils.readManifest(VFSUtils.java:214)
	at org.jboss.vfs.VirtualJarInputStream.<init>(VirtualJarInputStream.java:78)
	at org.jboss.vfs.VirtualFile.openStream(VirtualFile.java:223)
	at org.jboss.vfs.VFSUtils.readManifest(VFSUtils.java:214)
	at org.jboss.vfs.VirtualJarInputStream.<init>(VirtualJarInputStream.java:78)
	at org.jboss.vfs.VirtualFile.openStream(VirtualFile.java:223)
	at org.jboss.vfs.VFSUtils.readManifest(VFSUtils.java:214)
	at org.jboss.vfs.VirtualJarInputStream.<init>(VirtualJarInputStream.java:78)
	at org.jboss.vfs.VirtualFile.openStream(VirtualFile.java:223)
	at org.jboss.vfs.VFSUtils.readManifest(VFSUtils.java:214)
	at org.jboss.vfs.VirtualJarInputStream.<init>(VirtualJarInputStream.java:78)
	at org.jboss.vfs.VirtualFile.openStream(VirtualFile.java:223)
	at org.jboss.vfs.VFSUtils.readManifest(VFSUtils.java:214)
	at org.jboss.vfs.VirtualJarInputStream.<init>(VirtualJarInputStream.java:78)
	at org.jboss.vfs.VirtualFile.openStream(VirtualFile.java:223)
	at org.jboss.vfs.VFSUtils.readManifest(VFSUtils.java:214)
	at org.jboss.vfs.VirtualJarInputStream.<init>(VirtualJarInputStream.java:78)
	at org.jboss.vfs.VirtualFile.openStream(VirtualFile.java:223)
	at org.jboss.vfs.VFSUtils.readManifest(VFSUtils.java:214)
	at org.jboss.vfs.VirtualJarInputStream.<init>(VirtualJarInputStream.java:78)
	at org.jboss.vfs.VirtualFile.openStream(VirtualFile.java:223)
	at org.jboss.vfs.VFSUtils.readManifest(VFSUtils.java:214)
	at org.jboss.vfs.VirtualJarInputStream.<init>(VirtualJarInputStream.java:78)
	at org.jboss.vfs.VirtualFile.openStream(VirtualFile.java:223)
	at org.jboss.vfs.VFSUtils.readManifest(VFSUtils.java:214)
	at org.jboss.vfs.VirtualJarInputStream.<init>(VirtualJarInputStream.java:78)
	at org.jboss.vfs.VirtualFile.openStream(VirtualFile.java:223)
	at org.jboss.vfs.VFSUtils.readManifest(VFSUtils.java:214)
	at org.jboss.vfs.VirtualJarInputStream.<init>(VirtualJarInputStream.java:78)
	at org.jboss.vfs.VirtualFile.openStream(VirtualFile.java:223)
	at org.jboss.vfs.VFSUtils.readManifest(VFSUtils.java:214)
	at org.jboss.vfs.VirtualJarInputStream.<init>(VirtualJarInputStream.java:78)
	at org.jboss.vfs.VirtualFile.openStream(VirtualFile.java:223)
	at org.jboss.vfs.VFSUtils.readManifest(VFSUtils.java:214)
	at org.jboss.vfs.VirtualJarInputStream.<init>(VirtualJarInputStream.java:78)
	at org.jboss.vfs.VirtualFile.openStream(VirtualFile.java:223)
	at org.jboss.vfs.VFSUtils.readManifest(VFSUtils.java:214)
	at org.jboss.vfs.VirtualJarInputStream.<init>(VirtualJarInputStream.java:78)
	at org.jboss.vfs.VirtualFile.openStream(VirtualFile.java:223)
	at org.jboss.vfs.VFSUtils.readManifest(VFSUtils.java:214)
	at org.jboss.vfs.VirtualJarInputStream.<init>(VirtualJarInputStream.java:78)
	at org.jboss.vfs.VirtualFile.openStream(VirtualFile.java:223)
	at org.jboss.vfs.VFSUtils.readManifest(VFSUtils.java:214)
	at org.jboss.vfs.VirtualJarInputStream.<init>(VirtualJarInputStream.java:78)
	at org.jboss.vfs.VirtualFile.openStream(VirtualFile.java:223)
	at org.jboss.vfs.VFSUtils.readManifest(VFSUtils.java:214)
	at org.jboss.vfs.VirtualJarInputStream.<init>(VirtualJarInputStream.java:78)
	at org.jboss.vfs.VirtualFile.openStream(VirtualFile.java:223)
	at org.jboss.vfs.VFSUtils.readManifest(VFSUtils.java:214)
	at org.jboss.vfs.VirtualJarInputStream.<init>(VirtualJarInputStream.java:78)
	at org.jboss.vfs.VirtualFile.openStream(VirtualFile.java:223)
	at org.jboss.vfs.VFSUtils.readManifest(VFSUtils.java:214)
	at org.jboss.vfs.VirtualJarInputStream.<init>(VirtualJarInputStream.java:78)
	at org.jboss.vfs.VirtualFile.openStream(VirtualFile.java:223)
	at org.jboss.vfs.VFSUtils.readManifest(VFSUtils.java:214)
	at org.jboss.vfs.VirtualJarInputStream.<init>(VirtualJarInputStream.java:78)
	at org.jboss.vfs.VirtualFile.openStream(VirtualFile.java:223)
	at org.jboss.vfs.VFSUtils.readManifest(VFSUtils.java:214)
	at org.jboss.vfs.VirtualJarInputStream.<init>(VirtualJarInputStream.java:78)
	at org.jboss.vfs.VirtualFile.openStream(VirtualFile.java:223)
	at org.jboss.vfs.VFSUtils.readManifest(VFSUtils.java:214)
	at org.jboss.vfs.VirtualJarInputStream.<init>(VirtualJarInputStream.java:78)
	at org.jboss.vfs.VirtualFile.openStream(VirtualFile.java:223)
	at org.jboss.vfs.VFSUtils.readManifest(VFSUtils.java:214)
	at org.jboss.vfs.VirtualJarInputStream.<init>(VirtualJarInputStream.java:78)
	at org.jboss.vfs.VirtualFile.openStream(VirtualFile.java:223)
	at org.jboss.vfs.VFSUtils.readManifest(VFSUtils.java:214)
	at org.jboss.vfs.VirtualJarInputStream.<init>(VirtualJarInputStream.java:78)
	at org.jboss.vfs.VirtualFile.openStream(VirtualFile.java:223)
	at org.jboss.vfs.VFSUtils.readManifest(VFSUtils.java:214)
	at org.jboss.vfs.VirtualJarInputStream.<init>(VirtualJarInputStream.java:78)
	at org.jboss.vfs.VirtualFile.openStream(VirtualFile.java:223)
	at org.jboss.vfs.VFSUtils.readManifest(VFSUtils.java:214)
	at org.jboss.vfs.VirtualJarInputStream.<init>(VirtualJarInputStream.java:78)
	at org.jboss.vfs.VirtualFile.openStream(VirtualFile.java:223)
	at org.jboss.vfs.VFSUtils.readManifest(VFSUtils.java:214)
	at org.jboss.vfs.VirtualJarInputStream.<init>(VirtualJarInputStream.java:78)
	at org.jboss.vfs.VirtualFile.openStream(VirtualFile.java:223)
	at org.jboss.vfs.VFSUtils.readManifest(VFSUtils.java:214)
	at org.jboss.vfs.VirtualJarInputStream.<init>(VirtualJarInputStream.java:78)
	at org.jboss.vfs.VirtualFile.openStream(VirtualFile.java:223)
	at org.jboss.vfs.VFSUtils.readManifest(VFSUtils.java:214)
	at org.jboss.vfs.VirtualJarInputStream.<init>(VirtualJarInputStream.java:78)
	at org.jboss.vfs.VirtualFile.openStream(VirtualFile.java:223)
	at org.jboss.vfs.VFSUtils.readManifest(VFSUtils.java:214)
	at org.jboss.vfs.VirtualJarInputStream.<init>(VirtualJarInputStream.java:78)
	at org.jboss.vfs.VirtualFile.openStream(VirtualFile.java:223)
	at org.jboss.vfs.VFSUtils.readManifest(VFSUtils.java:214)
	at org.jboss.vfs.VirtualJarInputStream.<init>(VirtualJarInputStream.java:78)
	at org.jboss.vfs.VirtualFile.openStream(VirtualFile.java:223)
	at org.jboss.vfs.VFSUtils.readManifest(VFSUtils.java:214)
	at org.jboss.vfs.VirtualJarInputStream.<init>(VirtualJarInputStream.java:78)
	at org.jboss.vfs.VirtualFile.openStream(VirtualFile.java:223)
	at org.jboss.vfs.VFSUtils.readManifest(VFSUtils.java:214)
	at org.jboss.vfs.VirtualJarInputStream.<init>(VirtualJarInputStream.java:78)
	at org.jboss.vfs.VirtualFile.openStream(VirtualFile.java:223)
	at org.jboss.vfs.VFSUtils.readManifest(VFSUtils.java:214)
	at org.jboss.vfs.VirtualJarInputStream.<init>(VirtualJarInputStream.java:78)
	at org.jboss.vfs.VirtualFile.openStream(VirtualFile.java:223)
	at org.jboss.vfs.VFSUtils.readManifest(VFSUtils.java:214)
	at org.jboss.vfs.VirtualJarInputStream.<init>(VirtualJarInputStream.java:78)
	at org.jboss.vfs.VirtualFile.openStream(VirtualFile.java:223)
	at org.jboss.vfs.VFSUtils.readManifest(VFSUtils.java:214)
	at org.jboss.vfs.VirtualJarInputStream.<init>(VirtualJarInputStream.java:78)
	at org.jboss.vfs.VirtualFile.openStream(VirtualFile.java:223)
	at org.jboss.vfs.VFSUtils.readManifest(VFSUtils.java:214)
	at org.jboss.vfs.VirtualJarInputStream.<init>(VirtualJarInputStream.java:78)
	at org.jboss.vfs.VirtualFile.openStream(VirtualFile.java:223)
	at org.jboss.vfs.VFSUtils.readManifest(VFSUtils.java:214)
	at org.jboss.vfs.VirtualJarInputStream.<init>(VirtualJarInputStream.java:78)
	at org.jboss.vfs.VirtualFile.openStream(VirtualFile.java:223)
	at org.jboss.vfs.VFSUtils.readManifest(VFSUtils.java:214)
	at org.jboss.vfs.VirtualJarInputStream.<init>(VirtualJarInputStream.java:78)
	at org.jboss.vfs.VirtualFile.openStream(VirtualFile.java:223)
	at org.jboss.vfs.VFSUtils.readManifest(VFSUtils.java:214)
	at org.jboss.vfs.VirtualJarInputStream.<init>(VirtualJarInputStream.java:78)
	at org.jboss.vfs.VirtualFile.openStream(VirtualFile.java:223)
	at org.jboss.vfs.VFSUtils.readManifest(VFSUtils.java:214)
	at org.jboss.vfs.VirtualJarInputStream.<init>(VirtualJarInputStream.java:78)
	at org.jboss.vfs.VirtualFile.openStream(VirtualFile.java:223)
	at org.jboss.vfs.VFSUtils.readManifest(VFSUtils.java:214)
	at org.jboss.vfs.VirtualJarInputStream.<init>(VirtualJarInputStream.java:78)
	at org.jboss.vfs.VirtualFile.openStream(VirtualFile.java:223)
	at org.jboss.vfs.VFSUtils.readManifest(VFSUtils.java:214)
	at org.jboss.vfs.VirtualJarInputStream.<init>(VirtualJarInputStream.java:78)
	at org.jboss.vfs.VirtualFile.openStream(VirtualFile.java:223)
	at org.jboss.vfs.VFSUtils.readManifest(VFSUtils.java:214)
	at org.jboss.vfs.VirtualJarInputStream.<init>(VirtualJarInputStream.java:78)
	at org.jboss.vfs.VirtualFile.openStream(VirtualFile.java:223)

testRead(org.jboss.test.vfs.VirtualJarInputStreamTestCase)  Time elapsed: 0.003 sec  <<< ERROR!
java.util.zip.ZipException: error in opening zip file
	at java.util.zip.ZipFile.open(Native Method)
	at java.util.zip.ZipFile.<init>(ZipFile.java:114)
	at java.util.jar.JarFile.<init>(JarFile.java:135)
	at java.util.jar.JarFile.<init>(JarFile.java:99)
	at org.jboss.vfs.spi.JavaZipFileSystem.<init>(JavaZipFileSystem.java:94)
	at org.jboss.vfs.spi.JavaZipFileSystem.<init>(JavaZipFileSystem.java:80)
	at org.jboss.vfs.VFS.mountZip(VFS.java:415)
	at org.jboss.vfs.VFS.mountZip(VFS.java:441)
	at org.jboss.test.vfs.VirtualJarInputStreamTestCase.testRead(VirtualJarInputStreamTestCase.java:117)
	at sun.reflect.NativeMethodAccessorImpl.invoke0(Native Method)
	at sun.reflect.NativeMethodAccessorImpl.invoke(NativeMethodAccessorImpl.java:39)
	at sun.reflect.DelegatingMethodAccessorImpl.invoke(DelegatingMethodAccessorImpl.java:25)
	at java.lang.reflect.Method.invoke(Method.java:597)
	at junit.framework.TestCase.runTest(TestCase.java:168)
	at junit.framework.TestCase.runBare(TestCase.java:134)
	at junit.framework.TestResult$1.protect(TestResult.java:110)
	at junit.framework.TestResult.runProtected(TestResult.java:128)
	at junit.framework.TestResult.run(TestResult.java:113)
	at junit.framework.TestCase.run(TestCase.java:124)
	at junit.framework.TestSuite.runTest(TestSuite.java:232)
	at junit.framework.TestSuite.run(TestSuite.java:227)
	at org.junit.internal.runners.JUnit38ClassRunner.run(JUnit38ClassRunner.java:81)
	at org.apache.maven.surefire.junit4.JUnit4TestSet.execute(JUnit4TestSet.java:59)
	at org.apache.maven.surefire.suite.AbstractDirectoryTestSuite.executeTestSet(AbstractDirectoryTestSuite.java:115)
	at org.apache.maven.surefire.suite.AbstractDirectoryTestSuite.execute(AbstractDirectoryTestSuite.java:102)
	at org.apache.maven.surefire.Surefire.run(Surefire.java:180)
	at sun.reflect.NativeMethodAccessorImpl.invoke0(Native Method)
	at sun.reflect.NativeMethodAccessorImpl.invoke(NativeMethodAccessorImpl.java:39)
	at sun.reflect.DelegatingMethodAccessorImpl.invoke(DelegatingMethodAccessorImpl.java:25)
	at java.lang.reflect.Method.invoke(Method.java:597)
	at org.apache.maven.surefire.booter.SurefireBooter.runSuitesInProcess(SurefireBooter.java:350)
	at org.apache.maven.surefire.booter.SurefireBooter.main(SurefireBooter.java:1021)

testReadNonJar(org.jboss.test.vfs.VirtualJarInputStreamTestCase)  Time elapsed: 1.056 sec  <<< ERROR!
java.lang.StackOverflowError
	at sun.nio.cs.UTF_8$Encoder.encodeLoop(UTF_8.java:447)
	at java.nio.charset.CharsetEncoder.encode(CharsetEncoder.java:544)
	at java.lang.StringCoding$StringEncoder.encode(StringCoding.java:240)
	at java.lang.StringCoding.encode(StringCoding.java:272)
	at java.lang.String.getBytes(String.java:946)
	at java.io.UnixFileSystem.getBooleanAttributes0(Native Method)
	at java.io.UnixFileSystem.getBooleanAttributes(UnixFileSystem.java:228)
	at java.io.File.isDirectory(File.java:754)
	at org.jboss.vfs.spi.RealFileSystem.isDirectory(RealFileSystem.java:193)
	at org.jboss.vfs.VirtualFile.isDirectory(VirtualFile.java:211)
	at org.jboss.vfs.VirtualFile.openStream(VirtualFile.java:222)
	at org.jboss.vfs.VFSUtils.readManifest(VFSUtils.java:214)
	at org.jboss.vfs.VirtualJarInputStream.<init>(VirtualJarInputStream.java:78)
	at org.jboss.vfs.VirtualFile.openStream(VirtualFile.java:223)
	at org.jboss.vfs.VFSUtils.readManifest(VFSUtils.java:214)
	at org.jboss.vfs.VirtualJarInputStream.<init>(VirtualJarInputStream.java:78)
	at org.jboss.vfs.VirtualFile.openStream(VirtualFile.java:223)
	at org.jboss.vfs.VFSUtils.readManifest(VFSUtils.java:214)
	at org.jboss.vfs.VirtualJarInputStream.<init>(VirtualJarInputStream.java:78)
	at org.jboss.vfs.VirtualFile.openStream(VirtualFile.java:223)
	at org.jboss.vfs.VFSUtils.readManifest(VFSUtils.java:214)
	at org.jboss.vfs.VirtualJarInputStream.<init>(VirtualJarInputStream.java:78)
	at org.jboss.vfs.VirtualFile.openStream(VirtualFile.java:223)
	at org.jboss.vfs.VFSUtils.readManifest(VFSUtils.java:214)
	at org.jboss.vfs.VirtualJarInputStream.<init>(VirtualJarInputStream.java:78)
	at org.jboss.vfs.VirtualFile.openStream(VirtualFile.java:223)
	at org.jboss.vfs.VFSUtils.readManifest(VFSUtils.java:214)
	at org.jboss.vfs.VirtualJarInputStream.<init>(VirtualJarInputStream.java:78)
	at org.jboss.vfs.VirtualFile.openStream(VirtualFile.java:223)
	at org.jboss.vfs.VFSUtils.readManifest(VFSUtils.java:214)
	at org.jboss.vfs.VirtualJarInputStream.<init>(VirtualJarInputStream.java:78)
	at org.jboss.vfs.VirtualFile.openStream(VirtualFile.java:223)
	at org.jboss.vfs.VFSUtils.readManifest(VFSUtils.java:214)
	at org.jboss.vfs.VirtualJarInputStream.<init>(VirtualJarInputStream.java:78)
	at org.jboss.vfs.VirtualFile.openStream(VirtualFile.java:223)
	at org.jboss.vfs.VFSUtils.readManifest(VFSUtils.java:214)
	at org.jboss.vfs.VirtualJarInputStream.<init>(VirtualJarInputStream.java:78)
	at org.jboss.vfs.VirtualFile.openStream(VirtualFile.java:223)
	at org.jboss.vfs.VFSUtils.readManifest(VFSUtils.java:214)
	at org.jboss.vfs.VirtualJarInputStream.<init>(VirtualJarInputStream.java:78)
	at org.jboss.vfs.VirtualFile.openStream(VirtualFile.java:223)
	at org.jboss.vfs.VFSUtils.readManifest(VFSUtils.java:214)
	at org.jboss.vfs.VirtualJarInputStream.<init>(VirtualJarInputStream.java:78)
	at org.jboss.vfs.VirtualFile.openStream(VirtualFile.java:223)
	at org.jboss.vfs.VFSUtils.readManifest(VFSUtils.java:214)
	at org.jboss.vfs.VirtualJarInputStream.<init>(VirtualJarInputStream.java:78)
	at org.jboss.vfs.VirtualFile.openStream(VirtualFile.java:223)
	at org.jboss.vfs.VFSUtils.readManifest(VFSUtils.java:214)
	at org.jboss.vfs.VirtualJarInputStream.<init>(VirtualJarInputStream.java:78)
	at org.jboss.vfs.VirtualFile.openStream(VirtualFile.java:223)
	at org.jboss.vfs.VFSUtils.readManifest(VFSUtils.java:214)
	at org.jboss.vfs.VirtualJarInputStream.<init>(VirtualJarInputStream.java:78)
	at org.jboss.vfs.VirtualFile.openStream(VirtualFile.java:223)
	at org.jboss.vfs.VFSUtils.readManifest(VFSUtils.java:214)
	at org.jboss.vfs.VirtualJarInputStream.<init>(VirtualJarInputStream.java:78)
	at org.jboss.vfs.VirtualFile.openStream(VirtualFile.java:223)
	at org.jboss.vfs.VFSUtils.readManifest(VFSUtils.java:214)
	at org.jboss.vfs.VirtualJarInputStream.<init>(VirtualJarInputStream.java:78)
	at org.jboss.vfs.VirtualFile.openStream(VirtualFile.java:223)
	at org.jboss.vfs.VFSUtils.readManifest(VFSUtils.java:214)
	at org.jboss.vfs.VirtualJarInputStream.<init>(VirtualJarInputStream.java:78)
	at org.jboss.vfs.VirtualFile.openStream(VirtualFile.java:223)
	at org.jboss.vfs.VFSUtils.readManifest(VFSUtils.java:214)
	at org.jboss.vfs.VirtualJarInputStream.<init>(VirtualJarInputStream.java:78)
	at org.jboss.vfs.VirtualFile.openStream(VirtualFile.java:223)
	at org.jboss.vfs.VFSUtils.readManifest(VFSUtils.java:214)
	at org.jboss.vfs.VirtualJarInputStream.<init>(VirtualJarInputStream.java:78)
	at org.jboss.vfs.VirtualFile.openStream(VirtualFile.java:223)
	at org.jboss.vfs.VFSUtils.readManifest(VFSUtils.java:214)
	at org.jboss.vfs.VirtualJarInputStream.<init>(VirtualJarInputStream.java:78)
	at org.jboss.vfs.VirtualFile.openStream(VirtualFile.java:223)
	at org.jboss.vfs.VFSUtils.readManifest(VFSUtils.java:214)
	at org.jboss.vfs.VirtualJarInputStream.<init>(VirtualJarInputStream.java:78)
	at org.jboss.vfs.VirtualFile.openStream(VirtualFile.java:223)
	at org.jboss.vfs.VFSUtils.readManifest(VFSUtils.java:214)
	at org.jboss.vfs.VirtualJarInputStream.<init>(VirtualJarInputStream.java:78)
	at org.jboss.vfs.VirtualFile.openStream(VirtualFile.java:223)
	at org.jboss.vfs.VFSUtils.readManifest(VFSUtils.java:214)
	at org.jboss.vfs.VirtualJarInputStream.<init>(VirtualJarInputStream.java:78)
	at org.jboss.vfs.VirtualFile.openStream(VirtualFile.java:223)
	at org.jboss.vfs.VFSUtils.readManifest(VFSUtils.java:214)
	at org.jboss.vfs.VirtualJarInputStream.<init>(VirtualJarInputStream.java:78)
	at org.jboss.vfs.VirtualFile.openStream(VirtualFile.java:223)
	at org.jboss.vfs.VFSUtils.readManifest(VFSUtils.java:214)
	at org.jboss.vfs.VirtualJarInputStream.<init>(VirtualJarInputStream.java:78)
	at org.jboss.vfs.VirtualFile.openStream(VirtualFile.java:223)
	at org.jboss.vfs.VFSUtils.readManifest(VFSUtils.java:214)
	at org.jboss.vfs.VirtualJarInputStream.<init>(VirtualJarInputStream.java:78)
	at org.jboss.vfs.VirtualFile.openStream(VirtualFile.java:223)
	at org.jboss.vfs.VFSUtils.readManifest(VFSUtils.java:214)
	at org.jboss.vfs.VirtualJarInputStream.<init>(VirtualJarInputStream.java:78)
	at org.jboss.vfs.VirtualFile.openStream(VirtualFile.java:223)
	at org.jboss.vfs.VFSUtils.readManifest(VFSUtils.java:214)
	at org.jboss.vfs.VirtualJarInputStream.<init>(VirtualJarInputStream.java:78)
	at org.jboss.vfs.VirtualFile.openStream(VirtualFile.java:223)
	at org.jboss.vfs.VFSUtils.readManifest(VFSUtils.java:214)
	at org.jboss.vfs.VirtualJarInputStream.<init>(VirtualJarInputStream.java:78)
	at org.jboss.vfs.VirtualFile.openStream(VirtualFile.java:223)
[...]
	at org.jboss.vfs.VirtualFile.openStream(VirtualFile.java:223)
	at org.jboss.vfs.VFSUtils.readManifest(VFSUtils.java:214)
	at org.jboss.vfs.VirtualJarInputStream.<init>(VirtualJarInputStream.java:78)
	at org.jboss.vfs.VirtualFile.openStream(VirtualFile.java:223)
	at org.jboss.vfs.VFSUtils.readManifest(VFSUtils.java:214)
	at org.jboss.vfs.VirtualJarInputStream.<init>(VirtualJarInputStream.java:78)
	at org.jboss.vfs.VirtualFile.openStream(VirtualFile.java:223)
	at org.jboss.vfs.VFSUtils.readManifest(VFSUtils.java:214)
	at org.jboss.vfs.VirtualJarInputStream.<init>(VirtualJarInputStream.java:78)
	at org.jboss.vfs.VirtualFile.openStream(VirtualFile.java:223)
	at org.jboss.vfs.VFSUtils.readManifest(VFSUtils.java:214)
	at org.jboss.vfs.VirtualJarInputStream.<init>(VirtualJarInputStream.java:78)
	at org.jboss.vfs.VirtualFile.openStream(VirtualFile.java:223)
	at org.jboss.vfs.VFSUtils.readManifest(VFSUtils.java:214)
	at org.jboss.vfs.VirtualJarInputStream.<init>(VirtualJarInputStream.java:78)
	at org.jboss.vfs.VirtualFile.openStream(VirtualFile.java:223)
	at org.jboss.vfs.VFSUtils.readManifest(VFSUtils.java:214)
	at org.jboss.vfs.VirtualJarInputStream.<init>(VirtualJarInputStream.java:78)
	at org.jboss.vfs.VirtualFile.openStream(VirtualFile.java:223)
	at org.jboss.vfs.VFSUtils.readManifest(VFSUtils.java:214)
	at org.jboss.vfs.VirtualJarInputStream.<init>(VirtualJarInputStream.java:78)
	at org.jboss.vfs.VirtualFile.openStream(VirtualFile.java:223)
	at org.jboss.vfs.VFSUtils.readManifest(VFSUtils.java:214)
	at org.jboss.vfs.VirtualJarInputStream.<init>(VirtualJarInputStream.java:78)
	at org.jboss.vfs.VirtualFile.openStream(VirtualFile.java:223)
	at org.jboss.vfs.VFSUtils.readManifest(VFSUtils.java:214)
	at org.jboss.vfs.VirtualJarInputStream.<init>(VirtualJarInputStream.java:78)
	at org.jboss.vfs.VirtualFile.openStream(VirtualFile.java:223)
	at org.jboss.vfs.VFSUtils.readManifest(VFSUtils.java:214)
	at org.jboss.vfs.VirtualJarInputStream.<init>(VirtualJarInputStream.java:78)
	at org.jboss.vfs.VirtualFile.openStream(VirtualFile.java:223)
	at org.jboss.vfs.VFSUtils.readManifest(VFSUtils.java:214)
	at org.jboss.vfs.VirtualJarInputStream.<init>(VirtualJarInputStream.java:78)
	at org.jboss.vfs.VirtualFile.openStream(VirtualFile.java:223)
	at org.jboss.vfs.VFSUtils.readManifest(VFSUtils.java:214)
	at org.jboss.vfs.VirtualJarInputStream.<init>(VirtualJarInputStream.java:78)
	at org.jboss.vfs.VirtualFile.openStream(VirtualFile.java:223)
	at org.jboss.vfs.VFSUtils.readManifest(VFSUtils.java:214)
	at org.jboss.vfs.VirtualJarInputStream.<init>(VirtualJarInputStream.java:78)
	at org.jboss.vfs.VirtualFile.openStream(VirtualFile.java:223)
	at org.jboss.vfs.VFSUtils.readManifest(VFSUtils.java:214)
	at org.jboss.vfs.VirtualJarInputStream.<init>(VirtualJarInputStream.java:78)
	at org.jboss.vfs.VirtualFile.openStream(VirtualFile.java:223)
	at org.jboss.vfs.VFSUtils.readManifest(VFSUtils.java:214)
	at org.jboss.vfs.VirtualJarInputStream.<init>(VirtualJarInputStream.java:78)
	at org.jboss.vfs.VirtualFile.openStream(VirtualFile.java:223)
	at org.jboss.vfs.VFSUtils.readManifest(VFSUtils.java:214)
	at org.jboss.vfs.VirtualJarInputStream.<init>(VirtualJarInputStream.java:78)
	at org.jboss.vfs.VirtualFile.openStream(VirtualFile.java:223)
	at org.jboss.vfs.VFSUtils.readManifest(VFSUtils.java:214)
	at org.jboss.vfs.VirtualJarInputStream.<init>(VirtualJarInputStream.java:78)
	at org.jboss.vfs.VirtualFile.openStream(VirtualFile.java:223)
	at org.jboss.vfs.VFSUtils.readManifest(VFSUtils.java:214)
	at org.jboss.vfs.VirtualJarInputStream.<init>(VirtualJarInputStream.java:78)
	at org.jboss.vfs.VirtualFile.openStream(VirtualFile.java:223)
	at org.jboss.vfs.VFSUtils.readManifest(VFSUtils.java:214)
	at org.jboss.vfs.VirtualJarInputStream.<init>(VirtualJarInputStream.java:78)
	at org.jboss.vfs.VirtualFile.openStream(VirtualFile.java:223)
	at org.jboss.vfs.VFSUtils.readManifest(VFSUtils.java:214)
	at org.jboss.vfs.VirtualJarInputStream.<init>(VirtualJarInputStream.java:78)
	at org.jboss.vfs.VirtualFile.openStream(VirtualFile.java:223)
	at org.jboss.vfs.VFSUtils.readManifest(VFSUtils.java:214)
	at org.jboss.vfs.VirtualJarInputStream.<init>(VirtualJarInputStream.java:78)
	at org.jboss.vfs.VirtualFile.openStream(VirtualFile.java:223)
	at org.jboss.vfs.VFSUtils.readManifest(VFSUtils.java:214)
	at org.jboss.vfs.VirtualJarInputStream.<init>(VirtualJarInputStream.java:78)
	at org.jboss.vfs.VirtualFile.openStream(VirtualFile.java:223)
	at org.jboss.vfs.VFSUtils.readManifest(VFSUtils.java:214)
	at org.jboss.vfs.VirtualJarInputStream.<init>(VirtualJarInputStream.java:78)
	at org.jboss.vfs.VirtualFile.openStream(VirtualFile.java:223)
	at org.jboss.vfs.VFSUtils.readManifest(VFSUtils.java:214)
	at org.jboss.vfs.VirtualJarInputStream.<init>(VirtualJarInputStream.java:78)
	at org.jboss.vfs.VirtualFile.openStream(VirtualFile.java:223)
	at org.jboss.vfs.VFSUtils.readManifest(VFSUtils.java:214)
	at org.jboss.vfs.VirtualJarInputStream.<init>(VirtualJarInputStream.java:78)
	at org.jboss.vfs.VirtualFile.openStream(VirtualFile.java:223)
	at org.jboss.vfs.VFSUtils.readManifest(VFSUtils.java:214)
	at org.jboss.vfs.VirtualJarInputStream.<init>(VirtualJarInputStream.java:78)
	at org.jboss.vfs.VirtualFile.openStream(VirtualFile.java:223)
	at org.jboss.vfs.VFSUtils.readManifest(VFSUtils.java:214)
	at org.jboss.vfs.VirtualJarInputStream.<init>(VirtualJarInputStream.java:78)
	at org.jboss.vfs.VirtualFile.openStream(VirtualFile.java:223)
	at org.jboss.vfs.VFSUtils.readManifest(VFSUtils.java:214)
	at org.jboss.vfs.VirtualJarInputStream.<init>(VirtualJarInputStream.java:78)
	at org.jboss.vfs.VirtualFile.openStream(VirtualFile.java:223)
	at org.jboss.vfs.VFSUtils.readManifest(VFSUtils.java:214)
	at org.jboss.vfs.VirtualJarInputStream.<init>(VirtualJarInputStream.java:78)
	at org.jboss.vfs.VirtualFile.openStream(VirtualFile.java:223)
	at org.jboss.vfs.VFSUtils.readManifest(VFSUtils.java:214)
	at org.jboss.vfs.VirtualJarInputStream.<init>(VirtualJarInputStream.java:78)
	at org.jboss.vfs.VirtualFile.openStream(VirtualFile.java:223)
	at org.jboss.vfs.VFSUtils.readManifest(VFSUtils.java:214)
	at org.jboss.vfs.VirtualJarInputStream.<init>(VirtualJarInputStream.java:78)
	at org.jboss.vfs.VirtualFile.openStream(VirtualFile.java:223)
	at org.jboss.vfs.VFSUtils.readManifest(VFSUtils.java:214)
	at org.jboss.vfs.VirtualJarInputStream.<init>(VirtualJarInputStream.java:78)
	at org.jboss.vfs.VirtualFile.openStream(VirtualFile.java:223)
	at org.jboss.vfs.VFSUtils.readManifest(VFSUtils.java:214)
	at org.jboss.vfs.VirtualJarInputStream.<init>(VirtualJarInputStream.java:78)
	at org.jboss.vfs.VirtualFile.openStream(VirtualFile.java:223)
	at org.jboss.vfs.VFSUtils.readManifest(VFSUtils.java:214)
	at org.jboss.vfs.VirtualJarInputStream.<init>(VirtualJarInputStream.java:78)
	at org.jboss.vfs.VirtualFile.openStream(VirtualFile.java:223)
	at org.jboss.vfs.VFSUtils.readManifest(VFSUtils.java:214)
	at org.jboss.vfs.VirtualJarInputStream.<init>(VirtualJarInputStream.java:78)
	at org.jboss.vfs.VirtualFile.openStream(VirtualFile.java:223)
	at org.jboss.vfs.VFSUtils.readManifest(VFSUtils.java:214)
	at org.jboss.vfs.VirtualJarInputStream.<init>(VirtualJarInputStream.java:78)
	at org.jboss.vfs.VirtualFile.openStream(VirtualFile.java:223)
	at org.jboss.vfs.VFSUtils.readManifest(VFSUtils.java:214)
	at org.jboss.vfs.VirtualJarInputStream.<init>(VirtualJarInputStream.java:78)
	at org.jboss.vfs.VirtualFile.openStream(VirtualFile.java:223)
	at org.jboss.vfs.VFSUtils.readManifest(VFSUtils.java:214)
	at org.jboss.vfs.VirtualJarInputStream.<init>(VirtualJarInputStream.java:78)
	at org.jboss.vfs.VirtualFile.openStream(VirtualFile.java:223)
	at org.jboss.vfs.VFSUtils.readManifest(VFSUtils.java:214)
	at org.jboss.vfs.VirtualJarInputStream.<init>(VirtualJarInputStream.java:78)
	at org.jboss.vfs.VirtualFile.openStream(VirtualFile.java:223)
	at org.jboss.vfs.VFSUtils.readManifest(VFSUtils.java:214)
	at org.jboss.vfs.VirtualJarInputStream.<init>(VirtualJarInputStream.java:78)
	at org.jboss.vfs.VirtualFile.openStream(VirtualFile.java:223)
	at org.jboss.vfs.VFSUtils.readManifest(VFSUtils.java:214)
	at org.jboss.vfs.VirtualJarInputStream.<init>(VirtualJarInputStream.java:78)
	at org.jboss.vfs.VirtualFile.openStream(VirtualFile.java:223)
	at org.jboss.vfs.VFSUtils.readManifest(VFSUtils.java:214)
	at org.jboss.vfs.VirtualJarInputStream.<init>(VirtualJarInputStream.java:78)
	at org.jboss.vfs.VirtualFile.openStream(VirtualFile.java:223)
	at org.jboss.vfs.VFSUtils.readManifest(VFSUtils.java:214)
	at org.jboss.vfs.VirtualJarInputStream.<init>(VirtualJarInputStream.java:78)
	at org.jboss.vfs.VirtualFile.openStream(VirtualFile.java:223)
	at org.jboss.vfs.VFSUtils.readManifest(VFSUtils.java:214)
	at org.jboss.vfs.VirtualJarInputStream.<init>(VirtualJarInputStream.java:78)
	at org.jboss.vfs.VirtualFile.openStream(VirtualFile.java:223)
	at org.jboss.vfs.VFSUtils.readManifest(VFSUtils.java:214)
	at org.jboss.vfs.VirtualJarInputStream.<init>(VirtualJarInputStream.java:78)
	at org.jboss.vfs.VirtualFile.openStream(VirtualFile.java:223)
	at org.jboss.vfs.VFSUtils.readManifest(VFSUtils.java:214)
	at org.jboss.vfs.VirtualJarInputStream.<init>(VirtualJarInputStream.java:78)
	at org.jboss.vfs.VirtualFile.openStream(VirtualFile.java:223)
	at org.jboss.vfs.VFSUtils.readManifest(VFSUtils.java:214)
	at org.jboss.vfs.VirtualJarInputStream.<init>(VirtualJarInputStream.java:78)
	at org.jboss.vfs.VirtualFile.openStream(VirtualFile.java:223)
	at org.jboss.vfs.VFSUtils.readManifest(VFSUtils.java:214)
	at org.jboss.vfs.VirtualJarInputStream.<init>(VirtualJarInputStream.java:78)
	at org.jboss.vfs.VirtualFile.openStream(VirtualFile.java:223)
	at org.jboss.vfs.VFSUtils.readManifest(VFSUtils.java:214)
	at org.jboss.vfs.VirtualJarInputStream.<init>(VirtualJarInputStream.java:78)
	at org.jboss.vfs.VirtualFile.openStream(VirtualFile.java:223)
	at org.jboss.vfs.VFSUtils.readManifest(VFSUtils.java:214)
	at org.jboss.vfs.VirtualJarInputStream.<init>(VirtualJarInputStream.java:78)
	at org.jboss.vfs.VirtualFile.openStream(VirtualFile.java:223)
	at org.jboss.vfs.VFSUtils.readManifest(VFSUtils.java:214)
	at org.jboss.vfs.VirtualJarInputStream.<init>(VirtualJarInputStream.java:78)
	at org.jboss.vfs.VirtualFile.openStream(VirtualFile.java:223)
	at org.jboss.vfs.VFSUtils.readManifest(VFSUtils.java:214)
	at org.jboss.vfs.VirtualJarInputStream.<init>(VirtualJarInputStream.java:78)
	at org.jboss.vfs.VirtualFile.openStream(VirtualFile.java:223)
	at org.jboss.vfs.VFSUtils.readManifest(VFSUtils.java:214)
	at org.jboss.vfs.VirtualJarInputStream.<init>(VirtualJarInputStream.java:78)
	at org.jboss.vfs.VirtualFile.openStream(VirtualFile.java:223)
	at org.jboss.vfs.VFSUtils.readManifest(VFSUtils.java:214)
	at org.jboss.vfs.VirtualJarInputStream.<init>(VirtualJarInputStream.java:78)
	at org.jboss.vfs.VirtualFile.openStream(VirtualFile.java:223)
	at org.jboss.vfs.VFSUtils.readManifest(VFSUtils.java:214)
	at org.jboss.vfs.VirtualJarInputStream.<init>(VirtualJarInputStream.java:78)
	at org.jboss.vfs.VirtualFile.openStream(VirtualFile.java:223)
	at org.jboss.vfs.VFSUtils.readManifest(VFSUtils.java:214)
	at org.jboss.vfs.VirtualJarInputStream.<init>(VirtualJarInputStream.java:78)
	at org.jboss.vfs.VirtualFile.openStream(VirtualFile.java:223)
	at org.jboss.vfs.VFSUtils.readManifest(VFSUtils.java:214)
	at org.jboss.vfs.VirtualJarInputStream.<init>(VirtualJarInputStream.java:78)
	at org.jboss.vfs.VirtualFile.openStream(VirtualFile.java:223)
	at org.jboss.vfs.VFSUtils.readManifest(VFSUtils.java:214)
	at org.jboss.vfs.VirtualJarInputStream.<init>(VirtualJarInputStream.java:78)
	at org.jboss.vfs.VirtualFile.openStream(VirtualFile.java:223)
	at org.jboss.vfs.VFSUtils.readManifest(VFSUtils.java:214)
	at org.jboss.vfs.VirtualJarInputStream.<init>(VirtualJarInputStream.java:78)
	at org.jboss.vfs.VirtualFile.openStream(VirtualFile.java:223)
	at org.jboss.vfs.VFSUtils.readManifest(VFSUtils.java:214)
	at org.jboss.vfs.VirtualJarInputStream.<init>(VirtualJarInputStream.java:78)
	at org.jboss.vfs.VirtualFile.openStream(VirtualFile.java:223)
	at org.jboss.vfs.VFSUtils.readManifest(VFSUtils.java:214)
	at org.jboss.vfs.VirtualJarInputStream.<init>(VirtualJarInputStream.java:78)
	at org.jboss.vfs.VirtualFile.openStream(VirtualFile.java:223)
	at org.jboss.vfs.VFSUtils.readManifest(VFSUtils.java:214)
	at org.jboss.vfs.VirtualJarInputStream.<init>(VirtualJarInputStream.java:78)
	at org.jboss.vfs.VirtualFile.openStream(VirtualFile.java:223)
	at org.jboss.vfs.VFSUtils.readManifest(VFSUtils.java:214)
	at org.jboss.vfs.VirtualJarInputStream.<init>(VirtualJarInputStream.java:78)
	at org.jboss.vfs.VirtualFile.openStream(VirtualFile.java:223)
	at org.jboss.vfs.VFSUtils.readManifest(VFSUtils.java:214)
	at org.jboss.vfs.VirtualJarInputStream.<init>(VirtualJarInputStream.java:78)
	at org.jboss.vfs.VirtualFile.openStream(VirtualFile.java:223)
	at org.jboss.vfs.VFSUtils.readManifest(VFSUtils.java:214)
	at org.jboss.vfs.VirtualJarInputStream.<init>(VirtualJarInputStream.java:78)
	at org.jboss.vfs.VirtualFile.openStream(VirtualFile.java:223)
	at org.jboss.vfs.VFSUtils.readManifest(VFSUtils.java:214)
	at org.jboss.vfs.VirtualJarInputStream.<init>(VirtualJarInputStream.java:78)
	at org.jboss.vfs.VirtualFile.openStream(VirtualFile.java:223)
	at org.jboss.vfs.VFSUtils.readManifest(VFSUtils.java:214)
	at org.jboss.vfs.VirtualJarInputStream.<init>(VirtualJarInputStream.java:78)
	at org.jboss.vfs.VirtualFile.openStream(VirtualFile.java:223)
	at org.jboss.vfs.VFSUtils.readManifest(VFSUtils.java:214)
	at org.jboss.vfs.VirtualJarInputStream.<init>(VirtualJarInputStream.java:78)
	at org.jboss.vfs.VirtualFile.openStream(VirtualFile.java:223)
	at org.jboss.vfs.VFSUtils.readManifest(VFSUtils.java:214)
	at org.jboss.vfs.VirtualJarInputStream.<init>(VirtualJarInputStream.java:78)
	at org.jboss.vfs.VirtualFile.openStream(VirtualFile.java:223)
	at org.jboss.vfs.VFSUtils.readManifest(VFSUtils.java:214)
	at org.jboss.vfs.VirtualJarInputStream.<init>(VirtualJarInputStream.java:78)
	at org.jboss.vfs.VirtualFile.openStream(VirtualFile.java:223)
	at org.jboss.vfs.VFSUtils.readManifest(VFSUtils.java:214)
	at org.jboss.vfs.VirtualJarInputStream.<init>(VirtualJarInputStream.java:78)
	at org.jboss.vfs.VirtualFile.openStream(VirtualFile.java:223)
	at org.jboss.vfs.VFSUtils.readManifest(VFSUtils.java:214)
	at org.jboss.vfs.VirtualJarInputStream.<init>(VirtualJarInputStream.java:78)
	at org.jboss.vfs.VirtualFile.openStream(VirtualFile.java:223)
	at org.jboss.vfs.VFSUtils.readManifest(VFSUtils.java:214)
	at org.jboss.vfs.VirtualJarInputStream.<init>(VirtualJarInputStream.java:78)
	at org.jboss.vfs.VirtualFile.openStream(VirtualFile.java:223)
	at org.jboss.vfs.VFSUtils.readManifest(VFSUtils.java:214)
	at org.jboss.vfs.VirtualJarInputStream.<init>(VirtualJarInputStream.java:78)
	at org.jboss.vfs.VirtualFile.openStream(VirtualFile.java:223)
	at org.jboss.vfs.VFSUtils.readManifest(VFSUtils.java:214)
	at org.jboss.vfs.VirtualJarInputStream.<init>(VirtualJarInputStream.java:78)
	at org.jboss.vfs.VirtualFile.openStream(VirtualFile.java:223)
	at org.jboss.vfs.VFSUtils.readManifest(VFSUtils.java:214)
	at org.jboss.vfs.VirtualJarInputStream.<init>(VirtualJarInputStream.java:78)
	at org.jboss.vfs.VirtualFile.openStream(VirtualFile.java:223)
	at org.jboss.vfs.VFSUtils.readManifest(VFSUtils.java:214)
	at org.jboss.vfs.VirtualJarInputStream.<init>(VirtualJarInputStream.java:78)
	at org.jboss.vfs.VirtualFile.openStream(VirtualFile.java:223)
	at org.jboss.vfs.VFSUtils.readManifest(VFSUtils.java:214)
	at org.jboss.vfs.VirtualJarInputStream.<init>(VirtualJarInputStream.java:78)
	at org.jboss.vfs.VirtualFile.openStream(VirtualFile.java:223)
	at org.jboss.vfs.VFSUtils.readManifest(VFSUtils.java:214)
	at org.jboss.vfs.VirtualJarInputStream.<init>(VirtualJarInputStream.java:78)
	at org.jboss.vfs.VirtualFile.openStream(VirtualFile.java:223)
	at org.jboss.vfs.VFSUtils.readManifest(VFSUtils.java:214)
	at org.jboss.vfs.VirtualJarInputStream.<init>(VirtualJarInputStream.java:78)
	at org.jboss.vfs.VirtualFile.openStream(VirtualFile.java:223)
	at org.jboss.vfs.VFSUtils.readManifest(VFSUtils.java:214)
	at org.jboss.vfs.VirtualJarInputStream.<init>(VirtualJarInputStream.java:78)
	at org.jboss.vfs.VirtualFile.openStream(VirtualFile.java:223)
	at org.jboss.vfs.VFSUtils.readManifest(VFSUtils.java:214)
	at org.jboss.vfs.VirtualJarInputStream.<init>(VirtualJarInputStream.java:78)
	at org.jboss.vfs.VirtualFile.openStream(VirtualFile.java:223)
	at org.jboss.vfs.VFSUtils.readManifest(VFSUtils.java:214)
	at org.jboss.vfs.VirtualJarInputStream.<init>(VirtualJarInputStream.java:78)
	at org.jboss.vfs.VirtualFile.openStream(VirtualFile.java:223)
	at org.jboss.vfs.VFSUtils.readManifest(VFSUtils.java:214)
	at org.jboss.vfs.VirtualJarInputStream.<init>(VirtualJarInputStream.java:78)
	at org.jboss.vfs.VirtualFile.openStream(VirtualFile.java:223)
	at org.jboss.vfs.VFSUtils.readManifest(VFSUtils.java:214)
	at org.jboss.vfs.VirtualJarInputStream.<init>(VirtualJarInputStream.java:78)
	at org.jboss.vfs.VirtualFile.openStream(VirtualFile.java:223)
	at org.jboss.vfs.VFSUtils.readManifest(VFSUtils.java:214)
	at org.jboss.vfs.VirtualJarInputStream.<init>(VirtualJarInputStream.java:78)
	at org.jboss.vfs.VirtualFile.openStream(VirtualFile.java:223)
	at org.jboss.vfs.VFSUtils.readManifest(VFSUtils.java:214)
	at org.jboss.vfs.VirtualJarInputStream.<init>(VirtualJarInputStream.java:78)
	at org.jboss.vfs.VirtualFile.openStream(VirtualFile.java:223)
	at org.jboss.vfs.VFSUtils.readManifest(VFSUtils.java:214)
	at org.jboss.vfs.VirtualJarInputStream.<init>(VirtualJarInputStream.java:78)

testReadCallWithNoEntry(org.jboss.test.vfs.VirtualJarInputStreamTestCase)  Time elapsed: 0.003 sec  <<< ERROR!
java.util.zip.ZipException: error in opening zip file
	at java.util.zip.ZipFile.open(Native Method)
	at java.util.zip.ZipFile.<init>(ZipFile.java:114)
	at java.util.jar.JarFile.<init>(JarFile.java:135)
	at java.util.jar.JarFile.<init>(JarFile.java:99)
	at org.jboss.vfs.spi.JavaZipFileSystem.<init>(JavaZipFileSystem.java:94)
	at org.jboss.vfs.spi.JavaZipFileSystem.<init>(JavaZipFileSystem.java:80)
	at org.jboss.vfs.VFS.mountZip(VFS.java:415)
	at org.jboss.vfs.VFS.mountZip(VFS.java:441)
	at org.jboss.test.vfs.VirtualJarInputStreamTestCase.testReadCallWithNoEntry(VirtualJarInputStreamTestCase.java:267)
	at sun.reflect.NativeMethodAccessorImpl.invoke0(Native Method)
	at sun.reflect.NativeMethodAccessorImpl.invoke(NativeMethodAccessorImpl.java:39)
	at sun.reflect.DelegatingMethodAccessorImpl.invoke(DelegatingMethodAccessorImpl.java:25)
	at java.lang.reflect.Method.invoke(Method.java:597)
	at junit.framework.TestCase.runTest(TestCase.java:168)
	at junit.framework.TestCase.runBare(TestCase.java:134)
	at junit.framework.TestResult$1.protect(TestResult.java:110)
	at junit.framework.TestResult.runProtected(TestResult.java:128)
	at junit.framework.TestResult.run(TestResult.java:113)
	at junit.framework.TestCase.run(TestCase.java:124)
	at junit.framework.TestSuite.runTest(TestSuite.java:232)
	at junit.framework.TestSuite.run(TestSuite.java:227)
	at org.junit.internal.runners.JUnit38ClassRunner.run(JUnit38ClassRunner.java:81)
	at org.apache.maven.surefire.junit4.JUnit4TestSet.execute(JUnit4TestSet.java:59)
	at org.apache.maven.surefire.suite.AbstractDirectoryTestSuite.executeTestSet(AbstractDirectoryTestSuite.java:115)
	at org.apache.maven.surefire.suite.AbstractDirectoryTestSuite.execute(AbstractDirectoryTestSuite.java:102)
	at org.apache.maven.surefire.Surefire.run(Surefire.java:180)
	at sun.reflect.NativeMethodAccessorImpl.invoke0(Native Method)
	at sun.reflect.NativeMethodAccessorImpl.invoke(NativeMethodAccessorImpl.java:39)
	at sun.reflect.DelegatingMethodAccessorImpl.invoke(DelegatingMethodAccessorImpl.java:25)
	at java.lang.reflect.Method.invoke(Method.java:597)
	at org.apache.maven.surefire.booter.SurefireBooter.runSuitesInProcess(SurefireBooter.java:350)
	at org.apache.maven.surefire.booter.SurefireBooter.main(SurefireBooter.java:1021)

