<?xml version="1.0" encoding="UTF-8" ?>
<testsuite failures="0" time="0.104" errors="0" skipped="0" tests="9" name="org.jboss.test.vfs.JARSerializationUnitTestCase">
  <properties>
[...]
</properties>
  <testcase time="0.009" classname="org.jboss.test.vfs.JARSerializationUnitTestCase" name="testInnerJarFile"/>
  <testcase time="0.008" classname="org.jboss.test.vfs.JARSerializationUnitTestCase" name="testInnerJarFileSerialization"/>
  <testcase time="0.008" classname="org.jboss.test.vfs.JARSerializationUnitTestCase" name="testInnerJarFilesOnlyFileSerialization"/>
  <testcase time="0.01" classname="org.jboss.test.vfs.JARSerializationUnitTestCase" name="testLevelZips"/>
  <testcase time="0.005" classname="org.jboss.test.vfs.JARSerializationUnitTestCase" name="test2ndLevelRead"/>
  <testcase time="0.035" classname="org.jboss.test.vfs.JARSerializationUnitTestCase" name="testEarsInnerJarChild"/>
  <testcase time="0.005" classname="org.jboss.test.vfs.JARSerializationUnitTestCase" name="testVirtualFileAdaptor"/>
  <testcase time="0.013" classname="org.jboss.test.vfs.JARSerializationUnitTestCase" name="testDeepVFAMechanism"/>
  <testcase time="0.006" classname="org.jboss.test.vfs.JARSerializationUnitTestCase" name="testNestedDir"/>
</testsuite>