<?xml version="1.0" encoding="UTF-8" ?>
<testsuite failures="0" time="0.295" errors="0" skipped="0" tests="38" name="org.jboss.test.vfs.FileVFSUnitTestCase">
  <properties>
[...]
</properties>
  <testcase time="0.002" classname="org.jboss.test.vfs.FileVFSUnitTestCase" name="testVFSFileURIFactory"/>
  <testcase time="0.012" classname="org.jboss.test.vfs.FileVFSUnitTestCase" name="testInnerJarFile"/>
  <testcase time="0.01" classname="org.jboss.test.vfs.FileVFSUnitTestCase" name="testFindResource"/>
  <testcase time="0.012" classname="org.jboss.test.vfs.FileVFSUnitTestCase" name="testFindResourceUsingURLStream"/>
  <testcase time="0.005" classname="org.jboss.test.vfs.FileVFSUnitTestCase" name="testFindResourceInFilesOnlyJar"/>
  <testcase time="0.009" classname="org.jboss.test.vfs.FileVFSUnitTestCase" name="testFindResourceInFilesOnlyWar"/>
  <testcase time="0.012" classname="org.jboss.test.vfs.FileVFSUnitTestCase" name="testFindClassesInFilesOnlyWar"/>
  <testcase time="0.002" classname="org.jboss.test.vfs.FileVFSUnitTestCase" name="testFindResourceUnpackedJar"/>
  <testcase time="0.009" classname="org.jboss.test.vfs.FileVFSUnitTestCase" name="testResolveFile"/>
  <testcase time="0.006" classname="org.jboss.test.vfs.FileVFSUnitTestCase" name="testResolveClassFileInClassPath"/>
  <testcase time="0.003" classname="org.jboss.test.vfs.FileVFSUnitTestCase" name="testResolveFileInUnpackedJar"/>
  <testcase time="0.002" classname="org.jboss.test.vfs.FileVFSUnitTestCase" name="testFileNotFoundInUnpackedJar"/>
  <testcase time="0.001" classname="org.jboss.test.vfs.FileVFSUnitTestCase" name="testNestedNestedParent"/>
  <testcase time="0.001" classname="org.jboss.test.vfs.FileVFSUnitTestCase" name="testCopyNestedStream"/>
  <testcase time="0.01" classname="org.jboss.test.vfs.FileVFSUnitTestCase" name="testInnerJar"/>
  <testcase time="0.01" classname="org.jboss.test.vfs.FileVFSUnitTestCase" name="testInnerJarUsingURLStream"/>
  <testcase time="0.02" classname="org.jboss.test.vfs.FileVFSUnitTestCase" name="testClassScan"/>
  <testcase time="0.014" classname="org.jboss.test.vfs.FileVFSUnitTestCase" name="testClassScanUnpacked"/>
  <testcase time="0.016" classname="org.jboss.test.vfs.FileVFSUnitTestCase" name="testClassScanFilesonly"/>
  <testcase time="0.004" classname="org.jboss.test.vfs.FileVFSUnitTestCase" name="testFilesOnlyJar"/>
  <testcase time="0.014" classname="org.jboss.test.vfs.FileVFSUnitTestCase" name="testVFSerialization"/>
  <testcase time="0.004" classname="org.jboss.test.vfs.FileVFSUnitTestCase" name="testVFJarSerialization"/>
  <testcase time="0.01" classname="org.jboss.test.vfs.FileVFSUnitTestCase" name="testVFNestedJarSerialization"/>
  <testcase time="0.005" classname="org.jboss.test.vfs.FileVFSUnitTestCase" name="testDirURLs"/>
  <testcase time="0.005" classname="org.jboss.test.vfs.FileVFSUnitTestCase" name="testDirURIs"/>
  <testcase time="0.002" classname="org.jboss.test.vfs.FileVFSUnitTestCase" name="testCopyJar"/>
  <testcase time="0.012" classname="org.jboss.test.vfs.FileVFSUnitTestCase" name="testCopyInnerJar"/>
  <testcase time="0.009" classname="org.jboss.test.vfs.FileVFSUnitTestCase" name="testManifestClasspath"/>
  <testcase time="0.008" classname="org.jboss.test.vfs.FileVFSUnitTestCase" name="testInnerManifestClasspath"/>
  <testcase time="0.007" classname="org.jboss.test.vfs.FileVFSUnitTestCase" name="testJarWithSpacesInPath"/>
  <testcase time="0.01" classname="org.jboss.test.vfs.FileVFSUnitTestCase" name="testJarWithSpacesInContext"/>
  <testcase time="0.002" classname="org.jboss.test.vfs.FileVFSUnitTestCase" name="testUnpackedJarWithSpacesInPath"/>
  <testcase time="0.003" classname="org.jboss.test.vfs.FileVFSUnitTestCase" name="testURLClassLoaderFindResourceFailure"/>
  <testcase time="0.002" classname="org.jboss.test.vfs.FileVFSUnitTestCase" name="testFileExists"/>
  <testcase time="0.002" classname="org.jboss.test.vfs.FileVFSUnitTestCase" name="testDirFileExists"/>
  <testcase time="0.002" classname="org.jboss.test.vfs.FileVFSUnitTestCase" name="testJarExists"/>
  <testcase time="0.003" classname="org.jboss.test.vfs.FileVFSUnitTestCase" name="testDirJarExists"/>
  <testcase time="0.003" classname="org.jboss.test.vfs.FileVFSUnitTestCase" name="testFileDelete"/>
</testsuite>