<?xml version="1.0" encoding="UTF-8" ?>
<testsuite failures="0" time="0.005" errors="1" skipped="0" tests="1" name="org.jboss.test.vfs.MountHandleTestCase">
  <properties>
[...]
</properties>
  <testcase time="0.003" classname="org.jboss.test.vfs.MountHandleTestCase" name="testZipGetMountSource">
    <error message="error in opening zip file" type="java.util.zip.ZipException">java.util.zip.ZipException: error in opening zip file
	at java.util.zip.ZipFile.open(Native Method)
	at java.util.zip.ZipFile.&lt;init&gt;(ZipFile.java:114)
	at java.util.jar.JarFile.&lt;init&gt;(JarFile.java:135)
	at java.util.jar.JarFile.&lt;init&gt;(JarFile.java:99)
	at org.jboss.vfs.spi.JavaZipFileSystem.&lt;init&gt;(JavaZipFileSystem.java:94)
	at org.jboss.vfs.spi.JavaZipFileSystem.&lt;init&gt;(JavaZipFileSystem.java:80)
	at org.jboss.vfs.VFS.mountZip(VFS.java:415)
	at org.jboss.vfs.VFS.mountZip(VFS.java:441)
	at org.jboss.test.vfs.MountHandleTestCase.testZipGetMountSource(MountHandleTestCase.java:45)
	at sun.reflect.NativeMethodAccessorImpl.invoke0(Native Method)
	at sun.reflect.NativeMethodAccessorImpl.invoke(NativeMethodAccessorImpl.java:39)
	at sun.reflect.DelegatingMethodAccessorImpl.invoke(DelegatingMethodAccessorImpl.java:25)
	at java.lang.reflect.Method.invoke(Method.java:597)
	at junit.framework.TestCase.runTest(TestCase.java:168)
	at junit.framework.TestCase.runBare(TestCase.java:134)
	at junit.framework.TestResult$1.protect(TestResult.java:110)
	at junit.framework.TestResult.runProtected(TestResult.java:128)
	at junit.framework.TestResult.run(TestResult.java:113)
	at junit.framework.TestCase.run(TestCase.java:124)
	at junit.framework.TestSuite.runTest(TestSuite.java:232)
	at junit.framework.TestSuite.run(TestSuite.java:227)
	at org.junit.internal.runners.JUnit38ClassRunner.run(JUnit38ClassRunner.java:81)
	at org.apache.maven.surefire.junit4.JUnit4TestSet.execute(JUnit4TestSet.java:59)
	at org.apache.maven.surefire.suite.AbstractDirectoryTestSuite.executeTestSet(AbstractDirectoryTestSuite.java:115)
	at org.apache.maven.surefire.suite.AbstractDirectoryTestSuite.execute(AbstractDirectoryTestSuite.java:102)
	at org.apache.maven.surefire.Surefire.run(Surefire.java:180)
	at sun.reflect.NativeMethodAccessorImpl.invoke0(Native Method)
	at sun.reflect.NativeMethodAccessorImpl.invoke(NativeMethodAccessorImpl.java:39)
	at sun.reflect.DelegatingMethodAccessorImpl.invoke(DelegatingMethodAccessorImpl.java:25)
	at java.lang.reflect.Method.invoke(Method.java:597)
	at org.apache.maven.surefire.booter.SurefireBooter.runSuitesInProcess(SurefireBooter.java:350)
	at org.apache.maven.surefire.booter.SurefireBooter.main(SurefireBooter.java:1021)
</error>
    <system-out>622 DEBUG [MountHandleTestCase] ==== Starting testZipGetMountSource ====
</system-out>
  </testcase>
</testsuite>